bin\Kinect01_debug.ilk
C:\USERS\MIHOO\DOWNLOADS\CODING\KINECT-ZUTATEN\OPENFRAMEWORKS\OPENFRAMEWORKS_007\APPS\ADDONSEXAMPLES\KINECT01\BIN\KINECT01_DEBUG.EXE
C:\Users\mihoo\Downloads\Coding\Kinect-Zutaten\OpenFrameworks\OpenFrameworks_007\apps\addonsExamples\Kinect01\bin\Kinect01_debug.exp
C:\USERS\MIHOO\DOWNLOADS\CODING\KINECT-ZUTATEN\OPENFRAMEWORKS\OPENFRAMEWORKS_007\APPS\ADDONSEXAMPLES\KINECT01\BIN\KINECT01_DEBUG.ILK
C:\Users\mihoo\Downloads\Coding\Kinect-Zutaten\OpenFrameworks\OpenFrameworks_007\apps\addonsExamples\Kinect01\bin\Kinect01_debug.lib
C:\USERS\MIHOO\DOWNLOADS\CODING\KINECT-ZUTATEN\OPENFRAMEWORKS\OPENFRAMEWORKS_007\APPS\ADDONSEXAMPLES\KINECT01\BIN\KINECT01_DEBUG_DEBUGINFO.PDB
C:\Users\mihoo\Downloads\Coding\Kinect-Zutaten\OpenFrameworks\OpenFrameworks_007\apps\addonsExamples\Kinect01\obj\Debug\cl.command.1.tlog
C:\Users\mihoo\Downloads\Coding\Kinect-Zutaten\OpenFrameworks\OpenFrameworks_007\apps\addonsExamples\Kinect01\obj\Debug\CL.read.1.tlog
C:\Users\mihoo\Downloads\Coding\Kinect-Zutaten\OpenFrameworks\OpenFrameworks_007\apps\addonsExamples\Kinect01\obj\Debug\CL.write.1.tlog
C:\USERS\MIHOO\DOWNLOADS\CODING\KINECT-ZUTATEN\OPENFRAMEWORKS\OPENFRAMEWORKS_007\APPS\ADDONSEXAMPLES\KINECT01\OBJ\DEBUG\FILTER.OBJ
C:\Users\mihoo\Downloads\Coding\Kinect-Zutaten\OpenFrameworks\OpenFrameworks_007\apps\addonsExamples\Kinect01\obj\Debug\Kinect01.write.1.tlog
C:\USERS\MIHOO\DOWNLOADS\CODING\KINECT-ZUTATEN\OPENFRAMEWORKS\OPENFRAMEWORKS_007\APPS\ADDONSEXAMPLES\KINECT01\OBJ\DEBUG\KINECT01_DEBUG.EXE.EMBED.MANIFEST
C:\USERS\MIHOO\DOWNLOADS\CODING\KINECT-ZUTATEN\OPENFRAMEWORKS\OPENFRAMEWORKS_007\APPS\ADDONSEXAMPLES\KINECT01\OBJ\DEBUG\KINECT01_DEBUG.EXE.EMBED.MANIFEST.RES
C:\USERS\MIHOO\DOWNLOADS\CODING\KINECT-ZUTATEN\OPENFRAMEWORKS\OPENFRAMEWORKS_007\APPS\ADDONSEXAMPLES\KINECT01\OBJ\DEBUG\KINECT01_DEBUG.EXE.INTERMEDIATE.MANIFEST
C:\Users\mihoo\Downloads\Coding\Kinect-Zutaten\OpenFrameworks\OpenFrameworks_007\apps\addonsExamples\Kinect01\obj\Debug\Kinect01_debug_manifest.rc
C:\Users\mihoo\Downloads\Coding\Kinect-Zutaten\OpenFrameworks\OpenFrameworks_007\apps\addonsExamples\Kinect01\obj\Debug\link.7184.read.1.tlog
C:\Users\mihoo\Downloads\Coding\Kinect-Zutaten\OpenFrameworks\OpenFrameworks_007\apps\addonsExamples\Kinect01\obj\Debug\link.7184.write.1.tlog
C:\Users\mihoo\Downloads\Coding\Kinect-Zutaten\OpenFrameworks\OpenFrameworks_007\apps\addonsExamples\Kinect01\obj\Debug\link.7184-cvtres.read.1.tlog
C:\Users\mihoo\Downloads\Coding\Kinect-Zutaten\OpenFrameworks\OpenFrameworks_007\apps\addonsExamples\Kinect01\obj\Debug\link.7184-cvtres.write.1.tlog
C:\Users\mihoo\Downloads\Coding\Kinect-Zutaten\OpenFrameworks\OpenFrameworks_007\apps\addonsExamples\Kinect01\obj\Debug\link.command.1.tlog
C:\Users\mihoo\Downloads\Coding\Kinect-Zutaten\OpenFrameworks\OpenFrameworks_007\apps\addonsExamples\Kinect01\obj\Debug\link.read.1.tlog
C:\Users\mihoo\Downloads\Coding\Kinect-Zutaten\OpenFrameworks\OpenFrameworks_007\apps\addonsExamples\Kinect01\obj\Debug\link.write.1.tlog
C:\Users\mihoo\Downloads\Coding\Kinect-Zutaten\OpenFrameworks\OpenFrameworks_007\apps\addonsExamples\Kinect01\obj\Debug\link-cvtres.read.1.tlog
C:\Users\mihoo\Downloads\Coding\Kinect-Zutaten\OpenFrameworks\OpenFrameworks_007\apps\addonsExamples\Kinect01\obj\Debug\link-cvtres.write.1.tlog
C:\USERS\MIHOO\DOWNLOADS\CODING\KINECT-ZUTATEN\OPENFRAMEWORKS\OPENFRAMEWORKS_007\APPS\ADDONSEXAMPLES\KINECT01\OBJ\DEBUG\MAIN.OBJ
C:\Users\mihoo\Downloads\Coding\Kinect-Zutaten\OpenFrameworks\OpenFrameworks_007\apps\addonsExamples\Kinect01\obj\Debug\mt.command.1.tlog
C:\Users\mihoo\Downloads\Coding\Kinect-Zutaten\OpenFrameworks\OpenFrameworks_007\apps\addonsExamples\Kinect01\obj\Debug\mt.read.1.tlog
C:\Users\mihoo\Downloads\Coding\Kinect-Zutaten\OpenFrameworks\OpenFrameworks_007\apps\addonsExamples\Kinect01\obj\Debug\mt.write.1.tlog
C:\USERS\MIHOO\DOWNLOADS\CODING\KINECT-ZUTATEN\OPENFRAMEWORKS\OPENFRAMEWORKS_007\APPS\ADDONSEXAMPLES\KINECT01\OBJ\DEBUG\OFXCVCOLORIMAGE.OBJ
C:\USERS\MIHOO\DOWNLOADS\CODING\KINECT-ZUTATEN\OPENFRAMEWORKS\OPENFRAMEWORKS_007\APPS\ADDONSEXAMPLES\KINECT01\OBJ\DEBUG\OFXCVCONTOURFINDER.OBJ
C:\USERS\MIHOO\DOWNLOADS\CODING\KINECT-ZUTATEN\OPENFRAMEWORKS\OPENFRAMEWORKS_007\APPS\ADDONSEXAMPLES\KINECT01\OBJ\DEBUG\OFXCVFLOATIMAGE.OBJ
C:\USERS\MIHOO\DOWNLOADS\CODING\KINECT-ZUTATEN\OPENFRAMEWORKS\OPENFRAMEWORKS_007\APPS\ADDONSEXAMPLES\KINECT01\OBJ\DEBUG\OFXCVGRAYSCALEIMAGE.OBJ
C:\USERS\MIHOO\DOWNLOADS\CODING\KINECT-ZUTATEN\OPENFRAMEWORKS\OPENFRAMEWORKS_007\APPS\ADDONSEXAMPLES\KINECT01\OBJ\DEBUG\OFXCVHAARFINDER.OBJ
C:\USERS\MIHOO\DOWNLOADS\CODING\KINECT-ZUTATEN\OPENFRAMEWORKS\OPENFRAMEWORKS_007\APPS\ADDONSEXAMPLES\KINECT01\OBJ\DEBUG\OFXCVIMAGE.OBJ
C:\USERS\MIHOO\DOWNLOADS\CODING\KINECT-ZUTATEN\OPENFRAMEWORKS\OPENFRAMEWORKS_007\APPS\ADDONSEXAMPLES\KINECT01\OBJ\DEBUG\OFXCVSHORTIMAGE.OBJ
C:\USERS\MIHOO\DOWNLOADS\CODING\KINECT-ZUTATEN\OPENFRAMEWORKS\OPENFRAMEWORKS_007\APPS\ADDONSEXAMPLES\KINECT01\OBJ\DEBUG\OFXDEPTHGENERATOR.OBJ
C:\USERS\MIHOO\DOWNLOADS\CODING\KINECT-ZUTATEN\OPENFRAMEWORKS\OPENFRAMEWORKS_007\APPS\ADDONSEXAMPLES\KINECT01\OBJ\DEBUG\OFXGESTUREGENERATOR.OBJ
C:\USERS\MIHOO\DOWNLOADS\CODING\KINECT-ZUTATEN\OPENFRAMEWORKS\OPENFRAMEWORKS_007\APPS\ADDONSEXAMPLES\KINECT01\OBJ\DEBUG\OFXGUI.OBJ
C:\USERS\MIHOO\DOWNLOADS\CODING\KINECT-ZUTATEN\OPENFRAMEWORKS\OPENFRAMEWORKS_007\APPS\ADDONSEXAMPLES\KINECT01\OBJ\DEBUG\OFXGUIBUTTON.OBJ
C:\USERS\MIHOO\DOWNLOADS\CODING\KINECT-ZUTATEN\OPENFRAMEWORKS\OPENFRAMEWORKS_007\APPS\ADDONSEXAMPLES\KINECT01\OBJ\DEBUG\OFXGUICOLOR.OBJ
C:\USERS\MIHOO\DOWNLOADS\CODING\KINECT-ZUTATEN\OPENFRAMEWORKS\OPENFRAMEWORKS_007\APPS\ADDONSEXAMPLES\KINECT01\OBJ\DEBUG\OFXGUIFILES.OBJ
C:\USERS\MIHOO\DOWNLOADS\CODING\KINECT-ZUTATEN\OPENFRAMEWORKS\OPENFRAMEWORKS_007\APPS\ADDONSEXAMPLES\KINECT01\OBJ\DEBUG\OFXGUIGLOBALS.OBJ
C:\USERS\MIHOO\DOWNLOADS\CODING\KINECT-ZUTATEN\OPENFRAMEWORKS\OPENFRAMEWORKS_007\APPS\ADDONSEXAMPLES\KINECT01\OBJ\DEBUG\OFXGUIKNOB.OBJ
C:\USERS\MIHOO\DOWNLOADS\CODING\KINECT-ZUTATEN\OPENFRAMEWORKS\OPENFRAMEWORKS_007\APPS\ADDONSEXAMPLES\KINECT01\OBJ\DEBUG\OFXGUIMATRIX.OBJ
C:\USERS\MIHOO\DOWNLOADS\CODING\KINECT-ZUTATEN\OPENFRAMEWORKS\OPENFRAMEWORKS_007\APPS\ADDONSEXAMPLES\KINECT01\OBJ\DEBUG\OFXGUIMOVABLE.OBJ
C:\USERS\MIHOO\DOWNLOADS\CODING\KINECT-ZUTATEN\OPENFRAMEWORKS\OPENFRAMEWORKS_007\APPS\ADDONSEXAMPLES\KINECT01\OBJ\DEBUG\OFXGUIOBJECT.OBJ
C:\USERS\MIHOO\DOWNLOADS\CODING\KINECT-ZUTATEN\OPENFRAMEWORKS\OPENFRAMEWORKS_007\APPS\ADDONSEXAMPLES\KINECT01\OBJ\DEBUG\OFXGUIPANEL.OBJ
C:\USERS\MIHOO\DOWNLOADS\CODING\KINECT-ZUTATEN\OPENFRAMEWORKS\OPENFRAMEWORKS_007\APPS\ADDONSEXAMPLES\KINECT01\OBJ\DEBUG\OFXGUIPOINTS.OBJ
C:\USERS\MIHOO\DOWNLOADS\CODING\KINECT-ZUTATEN\OPENFRAMEWORKS\OPENFRAMEWORKS_007\APPS\ADDONSEXAMPLES\KINECT01\OBJ\DEBUG\OFXGUIRADAR.OBJ
C:\USERS\MIHOO\DOWNLOADS\CODING\KINECT-ZUTATEN\OPENFRAMEWORKS\OPENFRAMEWORKS_007\APPS\ADDONSEXAMPLES\KINECT01\OBJ\DEBUG\OFXGUISCOPE.OBJ
C:\USERS\MIHOO\DOWNLOADS\CODING\KINECT-ZUTATEN\OPENFRAMEWORKS\OPENFRAMEWORKS_007\APPS\ADDONSEXAMPLES\KINECT01\OBJ\DEBUG\OFXGUISLIDER.OBJ
C:\USERS\MIHOO\DOWNLOADS\CODING\KINECT-ZUTATEN\OPENFRAMEWORKS\OPENFRAMEWORKS_007\APPS\ADDONSEXAMPLES\KINECT01\OBJ\DEBUG\OFXGUISWITCH.OBJ
C:\USERS\MIHOO\DOWNLOADS\CODING\KINECT-ZUTATEN\OPENFRAMEWORKS\OPENFRAMEWORKS_007\APPS\ADDONSEXAMPLES\KINECT01\OBJ\DEBUG\OFXGUIXYPAD.OBJ
C:\USERS\MIHOO\DOWNLOADS\CODING\KINECT-ZUTATEN\OPENFRAMEWORKS\OPENFRAMEWORKS_007\APPS\ADDONSEXAMPLES\KINECT01\OBJ\DEBUG\OFXHANDGENERATOR.OBJ
C:\USERS\MIHOO\DOWNLOADS\CODING\KINECT-ZUTATEN\OPENFRAMEWORKS\OPENFRAMEWORKS_007\APPS\ADDONSEXAMPLES\KINECT01\OBJ\DEBUG\OFXHARDWAREDRIVER.OBJ
C:\USERS\MIHOO\DOWNLOADS\CODING\KINECT-ZUTATEN\OPENFRAMEWORKS\OPENFRAMEWORKS_007\APPS\ADDONSEXAMPLES\KINECT01\OBJ\DEBUG\OFXIMAGEGENERATOR.OBJ
C:\USERS\MIHOO\DOWNLOADS\CODING\KINECT-ZUTATEN\OPENFRAMEWORKS\OPENFRAMEWORKS_007\APPS\ADDONSEXAMPLES\KINECT01\OBJ\DEBUG\OFXIRGENERATOR.OBJ
C:\USERS\MIHOO\DOWNLOADS\CODING\KINECT-ZUTATEN\OPENFRAMEWORKS\OPENFRAMEWORKS_007\APPS\ADDONSEXAMPLES\KINECT01\OBJ\DEBUG\OFXOPENNICONTEXT.OBJ
C:\USERS\MIHOO\DOWNLOADS\CODING\KINECT-ZUTATEN\OPENFRAMEWORKS\OPENFRAMEWORKS_007\APPS\ADDONSEXAMPLES\KINECT01\OBJ\DEBUG\OFXOPENNIRECORDER.OBJ
C:\USERS\MIHOO\DOWNLOADS\CODING\KINECT-ZUTATEN\OPENFRAMEWORKS\OPENFRAMEWORKS_007\APPS\ADDONSEXAMPLES\KINECT01\OBJ\DEBUG\OFXTEXTINPUTFIELD.OBJ
C:\USERS\MIHOO\DOWNLOADS\CODING\KINECT-ZUTATEN\OPENFRAMEWORKS\OPENFRAMEWORKS_007\APPS\ADDONSEXAMPLES\KINECT01\OBJ\DEBUG\OFXTRACKEDHAND.OBJ
C:\USERS\MIHOO\DOWNLOADS\CODING\KINECT-ZUTATEN\OPENFRAMEWORKS\OPENFRAMEWORKS_007\APPS\ADDONSEXAMPLES\KINECT01\OBJ\DEBUG\OFXTRACKEDUSER.OBJ
C:\USERS\MIHOO\DOWNLOADS\CODING\KINECT-ZUTATEN\OPENFRAMEWORKS\OPENFRAMEWORKS_007\APPS\ADDONSEXAMPLES\KINECT01\OBJ\DEBUG\OFXUSERGENERATOR.OBJ
C:\USERS\MIHOO\DOWNLOADS\CODING\KINECT-ZUTATEN\OPENFRAMEWORKS\OPENFRAMEWORKS_007\APPS\ADDONSEXAMPLES\KINECT01\OBJ\DEBUG\OFXXMLSETTINGS.OBJ
C:\Users\mihoo\Downloads\Coding\Kinect-Zutaten\OpenFrameworks\OpenFrameworks_007\apps\addonsExamples\Kinect01\obj\Debug\rc.command.1.tlog
C:\Users\mihoo\Downloads\Coding\Kinect-Zutaten\OpenFrameworks\OpenFrameworks_007\apps\addonsExamples\Kinect01\obj\Debug\rc.read.1.tlog
C:\Users\mihoo\Downloads\Coding\Kinect-Zutaten\OpenFrameworks\OpenFrameworks_007\apps\addonsExamples\Kinect01\obj\Debug\rc.write.1.tlog
C:\Users\mihoo\Downloads\Coding\Kinect-Zutaten\OpenFrameworks\OpenFrameworks_007\apps\addonsExamples\Kinect01\obj\Debug\ResolveAssemblyReference.cache
C:\Users\mihoo\Downloads\Coding\Kinect-Zutaten\OpenFrameworks\OpenFrameworks_007\apps\addonsExamples\Kinect01\obj\Debug\Test.write.1.tlog
C:\Users\mihoo\Downloads\Coding\Kinect-Zutaten\OpenFrameworks\OpenFrameworks_007\apps\addonsExamples\Kinect01\obj\Debug\Test_debug.exe.embed.manifest
C:\Users\mihoo\Downloads\Coding\Kinect-Zutaten\OpenFrameworks\OpenFrameworks_007\apps\addonsExamples\Kinect01\obj\Debug\Test_debug.exe.embed.manifest.res
C:\Users\mihoo\Downloads\Coding\Kinect-Zutaten\OpenFrameworks\OpenFrameworks_007\apps\addonsExamples\Kinect01\obj\Debug\Test_debug.exe.intermediate.manifest
C:\Users\mihoo\Downloads\Coding\Kinect-Zutaten\OpenFrameworks\OpenFrameworks_007\apps\addonsExamples\Kinect01\obj\Debug\Test_debug_manifest.rc
C:\USERS\MIHOO\DOWNLOADS\CODING\KINECT-ZUTATEN\OPENFRAMEWORKS\OPENFRAMEWORKS_007\APPS\ADDONSEXAMPLES\KINECT01\OBJ\DEBUG\TESTAPP.OBJ
C:\USERS\MIHOO\DOWNLOADS\CODING\KINECT-ZUTATEN\OPENFRAMEWORKS\OPENFRAMEWORKS_007\APPS\ADDONSEXAMPLES\KINECT01\OBJ\DEBUG\TINYXML.OBJ
C:\USERS\MIHOO\DOWNLOADS\CODING\KINECT-ZUTATEN\OPENFRAMEWORKS\OPENFRAMEWORKS_007\APPS\ADDONSEXAMPLES\KINECT01\OBJ\DEBUG\TINYXMLERROR.OBJ
C:\USERS\MIHOO\DOWNLOADS\CODING\KINECT-ZUTATEN\OPENFRAMEWORKS\OPENFRAMEWORKS_007\APPS\ADDONSEXAMPLES\KINECT01\OBJ\DEBUG\TINYXMLPARSER.OBJ
C:\Users\mihoo\Downloads\Coding\Kinect-Zutaten\OpenFrameworks\OpenFrameworks_007\apps\addonsExamples\Kinect01\obj\Debug\vc100.idb
C:\USERS\MIHOO\DOWNLOADS\CODING\KINECT-ZUTATEN\OPENFRAMEWORKS\OPENFRAMEWORKS_007\APPS\ADDONSEXAMPLES\KINECT01\OBJ\DEBUG\VC100.PDB
C:\USERS\MIHOO\DOWNLOADS\CODING\KINECT-ZUTATEN\OPENFRAMEWORKS\OPENFRAMEWORKS_007\APPS\ADDONSEXAMPLES\OPENCVEXAMPLE_TEST - KOPIE\OBJ\DEBUG\MAIN.OBJ
C:\USERS\MIHOO\DOWNLOADS\CODING\KINECT-ZUTATEN\OPENFRAMEWORKS\OPENFRAMEWORKS_007\APPS\ADDONSEXAMPLES\OPENCVEXAMPLE_TEST - KOPIE\OBJ\DEBUG\OFXCVCOLORIMAGE.OBJ
C:\USERS\MIHOO\DOWNLOADS\CODING\KINECT-ZUTATEN\OPENFRAMEWORKS\OPENFRAMEWORKS_007\APPS\ADDONSEXAMPLES\OPENCVEXAMPLE_TEST - KOPIE\OBJ\DEBUG\OFXCVCONTOURFINDER.OBJ
C:\USERS\MIHOO\DOWNLOADS\CODING\KINECT-ZUTATEN\OPENFRAMEWORKS\OPENFRAMEWORKS_007\APPS\ADDONSEXAMPLES\OPENCVEXAMPLE_TEST - KOPIE\OBJ\DEBUG\OFXCVFLOATIMAGE.OBJ
C:\USERS\MIHOO\DOWNLOADS\CODING\KINECT-ZUTATEN\OPENFRAMEWORKS\OPENFRAMEWORKS_007\APPS\ADDONSEXAMPLES\OPENCVEXAMPLE_TEST - KOPIE\OBJ\DEBUG\OFXCVGRAYSCALEIMAGE.OBJ
C:\USERS\MIHOO\DOWNLOADS\CODING\KINECT-ZUTATEN\OPENFRAMEWORKS\OPENFRAMEWORKS_007\APPS\ADDONSEXAMPLES\OPENCVEXAMPLE_TEST - KOPIE\OBJ\DEBUG\OFXCVHAARFINDER.OBJ
C:\USERS\MIHOO\DOWNLOADS\CODING\KINECT-ZUTATEN\OPENFRAMEWORKS\OPENFRAMEWORKS_007\APPS\ADDONSEXAMPLES\OPENCVEXAMPLE_TEST - KOPIE\OBJ\DEBUG\OFXCVIMAGE.OBJ
C:\USERS\MIHOO\DOWNLOADS\CODING\KINECT-ZUTATEN\OPENFRAMEWORKS\OPENFRAMEWORKS_007\APPS\ADDONSEXAMPLES\OPENCVEXAMPLE_TEST - KOPIE\OBJ\DEBUG\OFXCVSHORTIMAGE.OBJ
C:\USERS\MIHOO\DOWNLOADS\CODING\KINECT-ZUTATEN\OPENFRAMEWORKS\OPENFRAMEWORKS_007\APPS\ADDONSEXAMPLES\OPENCVEXAMPLE_TEST - KOPIE\OBJ\DEBUG\OFXDEPTHGENERATOR.OBJ
C:\USERS\MIHOO\DOWNLOADS\CODING\KINECT-ZUTATEN\OPENFRAMEWORKS\OPENFRAMEWORKS_007\APPS\ADDONSEXAMPLES\OPENCVEXAMPLE_TEST - KOPIE\OBJ\DEBUG\OFXGESTUREGENERATOR.OBJ
C:\USERS\MIHOO\DOWNLOADS\CODING\KINECT-ZUTATEN\OPENFRAMEWORKS\OPENFRAMEWORKS_007\APPS\ADDONSEXAMPLES\OPENCVEXAMPLE_TEST - KOPIE\OBJ\DEBUG\OFXHANDGENERATOR.OBJ
C:\USERS\MIHOO\DOWNLOADS\CODING\KINECT-ZUTATEN\OPENFRAMEWORKS\OPENFRAMEWORKS_007\APPS\ADDONSEXAMPLES\OPENCVEXAMPLE_TEST - KOPIE\OBJ\DEBUG\OFXHARDWAREDRIVER.OBJ
C:\USERS\MIHOO\DOWNLOADS\CODING\KINECT-ZUTATEN\OPENFRAMEWORKS\OPENFRAMEWORKS_007\APPS\ADDONSEXAMPLES\OPENCVEXAMPLE_TEST - KOPIE\OBJ\DEBUG\OFXIMAGEGENERATOR.OBJ
C:\USERS\MIHOO\DOWNLOADS\CODING\KINECT-ZUTATEN\OPENFRAMEWORKS\OPENFRAMEWORKS_007\APPS\ADDONSEXAMPLES\OPENCVEXAMPLE_TEST - KOPIE\OBJ\DEBUG\OFXIRGENERATOR.OBJ
C:\USERS\MIHOO\DOWNLOADS\CODING\KINECT-ZUTATEN\OPENFRAMEWORKS\OPENFRAMEWORKS_007\APPS\ADDONSEXAMPLES\OPENCVEXAMPLE_TEST - KOPIE\OBJ\DEBUG\OFXOPENNICONTEXT.OBJ
C:\USERS\MIHOO\DOWNLOADS\CODING\KINECT-ZUTATEN\OPENFRAMEWORKS\OPENFRAMEWORKS_007\APPS\ADDONSEXAMPLES\OPENCVEXAMPLE_TEST - KOPIE\OBJ\DEBUG\OFXOPENNIRECORDER.OBJ
C:\USERS\MIHOO\DOWNLOADS\CODING\KINECT-ZUTATEN\OPENFRAMEWORKS\OPENFRAMEWORKS_007\APPS\ADDONSEXAMPLES\OPENCVEXAMPLE_TEST - KOPIE\OBJ\DEBUG\OFXTRACKEDHAND.OBJ
C:\USERS\MIHOO\DOWNLOADS\CODING\KINECT-ZUTATEN\OPENFRAMEWORKS\OPENFRAMEWORKS_007\APPS\ADDONSEXAMPLES\OPENCVEXAMPLE_TEST - KOPIE\OBJ\DEBUG\OFXTRACKEDUSER.OBJ
C:\USERS\MIHOO\DOWNLOADS\CODING\KINECT-ZUTATEN\OPENFRAMEWORKS\OPENFRAMEWORKS_007\APPS\ADDONSEXAMPLES\OPENCVEXAMPLE_TEST - KOPIE\OBJ\DEBUG\OFXUSERGENERATOR.OBJ
C:\USERS\MIHOO\DOWNLOADS\CODING\KINECT-ZUTATEN\OPENFRAMEWORKS\OPENFRAMEWORKS_007\APPS\ADDONSEXAMPLES\OPENCVEXAMPLE_TEST - KOPIE\OBJ\DEBUG\TEST_DEBUG.EXE.EMBED.MANIFEST.RES
C:\USERS\MIHOO\DOWNLOADS\CODING\KINECT-ZUTATEN\OPENFRAMEWORKS\OPENFRAMEWORKS_007\APPS\ADDONSEXAMPLES\OPENCVEXAMPLE_TEST - KOPIE\OBJ\DEBUG\TESTAPP.OBJ
C:\USERS\MIHOO\DOWNLOADS\CODING\KINECT-ZUTATEN\OPENFRAMEWORKS\OPENFRAMEWORKS_007\APPS\ADDONSEXAMPLES\OPENCVEXAMPLE_TEST - KOPIE\OBJ\DEBUG\VC100.PDB
