bin\Kinect05_debug.ilk
C:\USERS\MIHOO\DOWNLOADS\CODING\KINECT-ZUTATEN\OPENFRAMEWORKS\OPENFRAMEWORKS_007\APPS\ADDONSEXAMPLES\KINECT05\BIN\KINECT05_DEBUG.EXE
C:\Users\mihoo\Downloads\Coding\Kinect-Zutaten\OpenFrameworks\OpenFrameworks_007\apps\addonsExamples\Kinect05\bin\Kinect05_debug.exp
C:\USERS\MIHOO\DOWNLOADS\CODING\KINECT-ZUTATEN\OPENFRAMEWORKS\OPENFRAMEWORKS_007\APPS\ADDONSEXAMPLES\KINECT05\BIN\KINECT05_DEBUG.ILK
C:\Users\mihoo\Downloads\Coding\Kinect-Zutaten\OpenFrameworks\OpenFrameworks_007\apps\addonsExamples\Kinect05\bin\Kinect05_debug.lib
C:\USERS\MIHOO\DOWNLOADS\CODING\KINECT-ZUTATEN\OPENFRAMEWORKS\OPENFRAMEWORKS_007\APPS\ADDONSEXAMPLES\KINECT05\BIN\KINECT05_DEBUG_DEBUGINFO.PDB
C:\Users\mihoo\Downloads\Coding\Kinect-Zutaten\OpenFrameworks\OpenFrameworks_007\apps\addonsExamples\Kinect05\obj\Debug\cl.command.1.tlog
C:\Users\mihoo\Downloads\Coding\Kinect-Zutaten\OpenFrameworks\OpenFrameworks_007\apps\addonsExamples\Kinect05\obj\Debug\CL.read.1.tlog
C:\Users\mihoo\Downloads\Coding\Kinect-Zutaten\OpenFrameworks\OpenFrameworks_007\apps\addonsExamples\Kinect05\obj\Debug\CL.write.1.tlog
C:\USERS\MIHOO\DOWNLOADS\CODING\KINECT-ZUTATEN\OPENFRAMEWORKS\OPENFRAMEWORKS_007\APPS\ADDONSEXAMPLES\KINECT05\OBJ\DEBUG\FILTER.OBJ
C:\Users\mihoo\Downloads\Coding\Kinect-Zutaten\OpenFrameworks\OpenFrameworks_007\apps\addonsExamples\Kinect05\obj\Debug\Kinect05.write.1.tlog
C:\USERS\MIHOO\DOWNLOADS\CODING\KINECT-ZUTATEN\OPENFRAMEWORKS\OPENFRAMEWORKS_007\APPS\ADDONSEXAMPLES\KINECT05\OBJ\DEBUG\KINECT05_DEBUG.EXE.EMBED.MANIFEST
C:\USERS\MIHOO\DOWNLOADS\CODING\KINECT-ZUTATEN\OPENFRAMEWORKS\OPENFRAMEWORKS_007\APPS\ADDONSEXAMPLES\KINECT05\OBJ\DEBUG\KINECT05_DEBUG.EXE.EMBED.MANIFEST.RES
C:\USERS\MIHOO\DOWNLOADS\CODING\KINECT-ZUTATEN\OPENFRAMEWORKS\OPENFRAMEWORKS_007\APPS\ADDONSEXAMPLES\KINECT05\OBJ\DEBUG\KINECT05_DEBUG.EXE.INTERMEDIATE.MANIFEST
C:\Users\mihoo\Downloads\Coding\Kinect-Zutaten\OpenFrameworks\OpenFrameworks_007\apps\addonsExamples\Kinect05\obj\Debug\Kinect05_debug_manifest.rc
C:\USERS\MIHOO\DOWNLOADS\CODING\KINECT-ZUTATEN\OPENFRAMEWORKS\OPENFRAMEWORKS_007\APPS\ADDONSEXAMPLES\KINECT05\OBJ\DEBUG\KINECTAPP.OBJ
C:\Users\mihoo\Downloads\Coding\Kinect-Zutaten\OpenFrameworks\OpenFrameworks_007\apps\addonsExamples\Kinect05\obj\Debug\link.3936.read.1.tlog
C:\Users\mihoo\Downloads\Coding\Kinect-Zutaten\OpenFrameworks\OpenFrameworks_007\apps\addonsExamples\Kinect05\obj\Debug\link.3936.write.1.tlog
C:\Users\mihoo\Downloads\Coding\Kinect-Zutaten\OpenFrameworks\OpenFrameworks_007\apps\addonsExamples\Kinect05\obj\Debug\link.3936-cvtres.read.1.tlog
C:\Users\mihoo\Downloads\Coding\Kinect-Zutaten\OpenFrameworks\OpenFrameworks_007\apps\addonsExamples\Kinect05\obj\Debug\link.3936-cvtres.write.1.tlog
C:\Users\mihoo\Downloads\Coding\Kinect-Zutaten\OpenFrameworks\OpenFrameworks_007\apps\addonsExamples\Kinect05\obj\Debug\link.7992.read.1.tlog
C:\Users\mihoo\Downloads\Coding\Kinect-Zutaten\OpenFrameworks\OpenFrameworks_007\apps\addonsExamples\Kinect05\obj\Debug\link.7992.write.1.tlog
C:\Users\mihoo\Downloads\Coding\Kinect-Zutaten\OpenFrameworks\OpenFrameworks_007\apps\addonsExamples\Kinect05\obj\Debug\link.7992-cvtres.read.1.tlog
C:\Users\mihoo\Downloads\Coding\Kinect-Zutaten\OpenFrameworks\OpenFrameworks_007\apps\addonsExamples\Kinect05\obj\Debug\link.7992-cvtres.write.1.tlog
C:\Users\mihoo\Downloads\Coding\Kinect-Zutaten\OpenFrameworks\OpenFrameworks_007\apps\addonsExamples\Kinect05\obj\Debug\link.command.1.tlog
C:\Users\mihoo\Downloads\Coding\Kinect-Zutaten\OpenFrameworks\OpenFrameworks_007\apps\addonsExamples\Kinect05\obj\Debug\link.read.1.tlog
C:\Users\mihoo\Downloads\Coding\Kinect-Zutaten\OpenFrameworks\OpenFrameworks_007\apps\addonsExamples\Kinect05\obj\Debug\link.write.1.tlog
C:\USERS\MIHOO\DOWNLOADS\CODING\KINECT-ZUTATEN\OPENFRAMEWORKS\OPENFRAMEWORKS_007\APPS\ADDONSEXAMPLES\KINECT05\OBJ\DEBUG\MAIN.OBJ
C:\Users\mihoo\Downloads\Coding\Kinect-Zutaten\OpenFrameworks\OpenFrameworks_007\apps\addonsExamples\Kinect05\obj\Debug\mt.command.1.tlog
C:\Users\mihoo\Downloads\Coding\Kinect-Zutaten\OpenFrameworks\OpenFrameworks_007\apps\addonsExamples\Kinect05\obj\Debug\mt.read.1.tlog
C:\Users\mihoo\Downloads\Coding\Kinect-Zutaten\OpenFrameworks\OpenFrameworks_007\apps\addonsExamples\Kinect05\obj\Debug\mt.write.1.tlog
C:\USERS\MIHOO\DOWNLOADS\CODING\KINECT-ZUTATEN\OPENFRAMEWORKS\OPENFRAMEWORKS_007\APPS\ADDONSEXAMPLES\KINECT05\OBJ\DEBUG\OFXCVCOLORIMAGE.OBJ
C:\USERS\MIHOO\DOWNLOADS\CODING\KINECT-ZUTATEN\OPENFRAMEWORKS\OPENFRAMEWORKS_007\APPS\ADDONSEXAMPLES\KINECT05\OBJ\DEBUG\OFXCVCONTOURFINDER.OBJ
C:\USERS\MIHOO\DOWNLOADS\CODING\KINECT-ZUTATEN\OPENFRAMEWORKS\OPENFRAMEWORKS_007\APPS\ADDONSEXAMPLES\KINECT05\OBJ\DEBUG\OFXCVFLOATIMAGE.OBJ
C:\USERS\MIHOO\DOWNLOADS\CODING\KINECT-ZUTATEN\OPENFRAMEWORKS\OPENFRAMEWORKS_007\APPS\ADDONSEXAMPLES\KINECT05\OBJ\DEBUG\OFXCVGRAYSCALEIMAGE.OBJ
C:\USERS\MIHOO\DOWNLOADS\CODING\KINECT-ZUTATEN\OPENFRAMEWORKS\OPENFRAMEWORKS_007\APPS\ADDONSEXAMPLES\KINECT05\OBJ\DEBUG\OFXCVHAARFINDER.OBJ
C:\USERS\MIHOO\DOWNLOADS\CODING\KINECT-ZUTATEN\OPENFRAMEWORKS\OPENFRAMEWORKS_007\APPS\ADDONSEXAMPLES\KINECT05\OBJ\DEBUG\OFXCVIMAGE.OBJ
C:\USERS\MIHOO\DOWNLOADS\CODING\KINECT-ZUTATEN\OPENFRAMEWORKS\OPENFRAMEWORKS_007\APPS\ADDONSEXAMPLES\KINECT05\OBJ\DEBUG\OFXCVSHORTIMAGE.OBJ
C:\USERS\MIHOO\DOWNLOADS\CODING\KINECT-ZUTATEN\OPENFRAMEWORKS\OPENFRAMEWORKS_007\APPS\ADDONSEXAMPLES\KINECT05\OBJ\DEBUG\OFXGUI.OBJ
C:\USERS\MIHOO\DOWNLOADS\CODING\KINECT-ZUTATEN\OPENFRAMEWORKS\OPENFRAMEWORKS_007\APPS\ADDONSEXAMPLES\KINECT05\OBJ\DEBUG\OFXGUIBUTTON.OBJ
C:\USERS\MIHOO\DOWNLOADS\CODING\KINECT-ZUTATEN\OPENFRAMEWORKS\OPENFRAMEWORKS_007\APPS\ADDONSEXAMPLES\KINECT05\OBJ\DEBUG\OFXGUICOLOR.OBJ
C:\USERS\MIHOO\DOWNLOADS\CODING\KINECT-ZUTATEN\OPENFRAMEWORKS\OPENFRAMEWORKS_007\APPS\ADDONSEXAMPLES\KINECT05\OBJ\DEBUG\OFXGUIFILES.OBJ
C:\USERS\MIHOO\DOWNLOADS\CODING\KINECT-ZUTATEN\OPENFRAMEWORKS\OPENFRAMEWORKS_007\APPS\ADDONSEXAMPLES\KINECT05\OBJ\DEBUG\OFXGUIGLOBALS.OBJ
C:\USERS\MIHOO\DOWNLOADS\CODING\KINECT-ZUTATEN\OPENFRAMEWORKS\OPENFRAMEWORKS_007\APPS\ADDONSEXAMPLES\KINECT05\OBJ\DEBUG\OFXGUIKNOB.OBJ
C:\USERS\MIHOO\DOWNLOADS\CODING\KINECT-ZUTATEN\OPENFRAMEWORKS\OPENFRAMEWORKS_007\APPS\ADDONSEXAMPLES\KINECT05\OBJ\DEBUG\OFXGUIMATRIX.OBJ
C:\USERS\MIHOO\DOWNLOADS\CODING\KINECT-ZUTATEN\OPENFRAMEWORKS\OPENFRAMEWORKS_007\APPS\ADDONSEXAMPLES\KINECT05\OBJ\DEBUG\OFXGUIMOVABLE.OBJ
C:\USERS\MIHOO\DOWNLOADS\CODING\KINECT-ZUTATEN\OPENFRAMEWORKS\OPENFRAMEWORKS_007\APPS\ADDONSEXAMPLES\KINECT05\OBJ\DEBUG\OFXGUIOBJECT.OBJ
C:\USERS\MIHOO\DOWNLOADS\CODING\KINECT-ZUTATEN\OPENFRAMEWORKS\OPENFRAMEWORKS_007\APPS\ADDONSEXAMPLES\KINECT05\OBJ\DEBUG\OFXGUIPANEL.OBJ
C:\USERS\MIHOO\DOWNLOADS\CODING\KINECT-ZUTATEN\OPENFRAMEWORKS\OPENFRAMEWORKS_007\APPS\ADDONSEXAMPLES\KINECT05\OBJ\DEBUG\OFXGUIPOINTS.OBJ
C:\USERS\MIHOO\DOWNLOADS\CODING\KINECT-ZUTATEN\OPENFRAMEWORKS\OPENFRAMEWORKS_007\APPS\ADDONSEXAMPLES\KINECT05\OBJ\DEBUG\OFXGUIRADAR.OBJ
C:\USERS\MIHOO\DOWNLOADS\CODING\KINECT-ZUTATEN\OPENFRAMEWORKS\OPENFRAMEWORKS_007\APPS\ADDONSEXAMPLES\KINECT05\OBJ\DEBUG\OFXGUISCOPE.OBJ
C:\USERS\MIHOO\DOWNLOADS\CODING\KINECT-ZUTATEN\OPENFRAMEWORKS\OPENFRAMEWORKS_007\APPS\ADDONSEXAMPLES\KINECT05\OBJ\DEBUG\OFXGUISLIDER.OBJ
C:\USERS\MIHOO\DOWNLOADS\CODING\KINECT-ZUTATEN\OPENFRAMEWORKS\OPENFRAMEWORKS_007\APPS\ADDONSEXAMPLES\KINECT05\OBJ\DEBUG\OFXGUISWITCH.OBJ
C:\USERS\MIHOO\DOWNLOADS\CODING\KINECT-ZUTATEN\OPENFRAMEWORKS\OPENFRAMEWORKS_007\APPS\ADDONSEXAMPLES\KINECT05\OBJ\DEBUG\OFXGUIXYPAD.OBJ
C:\USERS\MIHOO\DOWNLOADS\CODING\KINECT-ZUTATEN\OPENFRAMEWORKS\OPENFRAMEWORKS_007\APPS\ADDONSEXAMPLES\KINECT05\OBJ\DEBUG\OFXOPENNI.OBJ
C:\USERS\MIHOO\DOWNLOADS\CODING\KINECT-ZUTATEN\OPENFRAMEWORKS\OPENFRAMEWORKS_007\APPS\ADDONSEXAMPLES\KINECT05\OBJ\DEBUG\OFXOPENNITYPES.OBJ
C:\USERS\MIHOO\DOWNLOADS\CODING\KINECT-ZUTATEN\OPENFRAMEWORKS\OPENFRAMEWORKS_007\APPS\ADDONSEXAMPLES\KINECT05\OBJ\DEBUG\OFXOSCBUNDLE.OBJ
C:\USERS\MIHOO\DOWNLOADS\CODING\KINECT-ZUTATEN\OPENFRAMEWORKS\OPENFRAMEWORKS_007\APPS\ADDONSEXAMPLES\KINECT05\OBJ\DEBUG\OFXOSCMESSAGE.OBJ
C:\USERS\MIHOO\DOWNLOADS\CODING\KINECT-ZUTATEN\OPENFRAMEWORKS\OPENFRAMEWORKS_007\APPS\ADDONSEXAMPLES\KINECT05\OBJ\DEBUG\OFXOSCRECEIVER.OBJ
C:\USERS\MIHOO\DOWNLOADS\CODING\KINECT-ZUTATEN\OPENFRAMEWORKS\OPENFRAMEWORKS_007\APPS\ADDONSEXAMPLES\KINECT05\OBJ\DEBUG\OFXOSCSENDER.OBJ
C:\USERS\MIHOO\DOWNLOADS\CODING\KINECT-ZUTATEN\OPENFRAMEWORKS\OPENFRAMEWORKS_007\APPS\ADDONSEXAMPLES\KINECT05\OBJ\DEBUG\OFXXMLSETTINGS.OBJ
C:\Users\mihoo\Downloads\Coding\Kinect-Zutaten\OpenFrameworks\OpenFrameworks_007\apps\addonsExamples\Kinect05\obj\Debug\rc.command.1.tlog
C:\Users\mihoo\Downloads\Coding\Kinect-Zutaten\OpenFrameworks\OpenFrameworks_007\apps\addonsExamples\Kinect05\obj\Debug\rc.read.1.tlog
C:\Users\mihoo\Downloads\Coding\Kinect-Zutaten\OpenFrameworks\OpenFrameworks_007\apps\addonsExamples\Kinect05\obj\Debug\rc.write.1.tlog
C:\USERS\MIHOO\DOWNLOADS\CODING\KINECT-ZUTATEN\OPENFRAMEWORKS\OPENFRAMEWORKS_007\APPS\ADDONSEXAMPLES\KINECT05\OBJ\DEBUG\TINYXML.OBJ
C:\USERS\MIHOO\DOWNLOADS\CODING\KINECT-ZUTATEN\OPENFRAMEWORKS\OPENFRAMEWORKS_007\APPS\ADDONSEXAMPLES\KINECT05\OBJ\DEBUG\TINYXMLERROR.OBJ
C:\USERS\MIHOO\DOWNLOADS\CODING\KINECT-ZUTATEN\OPENFRAMEWORKS\OPENFRAMEWORKS_007\APPS\ADDONSEXAMPLES\KINECT05\OBJ\DEBUG\TINYXMLPARSER.OBJ
C:\Users\mihoo\Downloads\Coding\Kinect-Zutaten\OpenFrameworks\OpenFrameworks_007\apps\addonsExamples\Kinect05\obj\Debug\vc100.idb
C:\USERS\MIHOO\DOWNLOADS\CODING\KINECT-ZUTATEN\OPENFRAMEWORKS\OPENFRAMEWORKS_007\APPS\ADDONSEXAMPLES\KINECT05\OBJ\DEBUG\VC100.PDB
