C:\USERS\MIHOO\DOWNLOADS\CODING\KINECT-ZUTATEN\OPENFRAMEWORKS\OPENFRAMEWORKS_007\APPS\ADDONSEXAMPLES\KINECTAPP\BIN\KINECT.EXE
C:\Users\mihoo\Downloads\Coding\Kinect-Zutaten\OpenFrameworks\OpenFrameworks_007\apps\addonsExamples\KinectApp\bin\Kinect.exp
C:\Users\mihoo\Downloads\Coding\Kinect-Zutaten\OpenFrameworks\OpenFrameworks_007\apps\addonsExamples\KinectApp\bin\Kinect.lib
C:\Users\mihoo\Downloads\Coding\Kinect-Zutaten\OpenFrameworks\OpenFrameworks_007\apps\addonsExamples\KinectApp\obj\Release\cl.command.1.tlog
C:\Users\mihoo\Downloads\Coding\Kinect-Zutaten\OpenFrameworks\OpenFrameworks_007\apps\addonsExamples\KinectApp\obj\Release\CL.read.1.tlog
C:\Users\mihoo\Downloads\Coding\Kinect-Zutaten\OpenFrameworks\OpenFrameworks_007\apps\addonsExamples\KinectApp\obj\Release\CL.write.1.tlog
C:\USERS\MIHOO\DOWNLOADS\CODING\KINECT-ZUTATEN\OPENFRAMEWORKS\OPENFRAMEWORKS_007\APPS\ADDONSEXAMPLES\KINECTAPP\OBJ\RELEASE\FILTER.OBJ
C:\USERS\MIHOO\DOWNLOADS\CODING\KINECT-ZUTATEN\OPENFRAMEWORKS\OPENFRAMEWORKS_007\APPS\ADDONSEXAMPLES\KINECTAPP\OBJ\RELEASE\KINECT.EXE.INTERMEDIATE.MANIFEST
C:\Users\mihoo\Downloads\Coding\Kinect-Zutaten\OpenFrameworks\OpenFrameworks_007\apps\addonsExamples\KinectApp\obj\Release\Kinect.write.1.tlog
C:\USERS\MIHOO\DOWNLOADS\CODING\KINECT-ZUTATEN\OPENFRAMEWORKS\OPENFRAMEWORKS_007\APPS\ADDONSEXAMPLES\KINECTAPP\OBJ\RELEASE\KINECTAPP.OBJ
C:\Users\mihoo\Downloads\Coding\Kinect-Zutaten\OpenFrameworks\OpenFrameworks_007\apps\addonsExamples\KinectApp\obj\Release\link.command.1.tlog
C:\Users\mihoo\Downloads\Coding\Kinect-Zutaten\OpenFrameworks\OpenFrameworks_007\apps\addonsExamples\KinectApp\obj\Release\link.read.1.tlog
C:\Users\mihoo\Downloads\Coding\Kinect-Zutaten\OpenFrameworks\OpenFrameworks_007\apps\addonsExamples\KinectApp\obj\Release\link.write.1.tlog
C:\USERS\MIHOO\DOWNLOADS\CODING\KINECT-ZUTATEN\OPENFRAMEWORKS\OPENFRAMEWORKS_007\APPS\ADDONSEXAMPLES\KINECTAPP\OBJ\RELEASE\MAIN.OBJ
C:\Users\mihoo\Downloads\Coding\Kinect-Zutaten\OpenFrameworks\OpenFrameworks_007\apps\addonsExamples\KinectApp\obj\Release\mt.command.1.tlog
C:\Users\mihoo\Downloads\Coding\Kinect-Zutaten\OpenFrameworks\OpenFrameworks_007\apps\addonsExamples\KinectApp\obj\Release\mt.read.1.tlog
C:\Users\mihoo\Downloads\Coding\Kinect-Zutaten\OpenFrameworks\OpenFrameworks_007\apps\addonsExamples\KinectApp\obj\Release\mt.write.1.tlog
C:\USERS\MIHOO\DOWNLOADS\CODING\KINECT-ZUTATEN\OPENFRAMEWORKS\OPENFRAMEWORKS_007\APPS\ADDONSEXAMPLES\KINECTAPP\OBJ\RELEASE\OFXCVCOLORIMAGE.OBJ
C:\USERS\MIHOO\DOWNLOADS\CODING\KINECT-ZUTATEN\OPENFRAMEWORKS\OPENFRAMEWORKS_007\APPS\ADDONSEXAMPLES\KINECTAPP\OBJ\RELEASE\OFXCVCONTOURFINDER.OBJ
C:\USERS\MIHOO\DOWNLOADS\CODING\KINECT-ZUTATEN\OPENFRAMEWORKS\OPENFRAMEWORKS_007\APPS\ADDONSEXAMPLES\KINECTAPP\OBJ\RELEASE\OFXCVFLOATIMAGE.OBJ
C:\USERS\MIHOO\DOWNLOADS\CODING\KINECT-ZUTATEN\OPENFRAMEWORKS\OPENFRAMEWORKS_007\APPS\ADDONSEXAMPLES\KINECTAPP\OBJ\RELEASE\OFXCVGRAYSCALEIMAGE.OBJ
C:\USERS\MIHOO\DOWNLOADS\CODING\KINECT-ZUTATEN\OPENFRAMEWORKS\OPENFRAMEWORKS_007\APPS\ADDONSEXAMPLES\KINECTAPP\OBJ\RELEASE\OFXCVHAARFINDER.OBJ
C:\USERS\MIHOO\DOWNLOADS\CODING\KINECT-ZUTATEN\OPENFRAMEWORKS\OPENFRAMEWORKS_007\APPS\ADDONSEXAMPLES\KINECTAPP\OBJ\RELEASE\OFXCVIMAGE.OBJ
C:\USERS\MIHOO\DOWNLOADS\CODING\KINECT-ZUTATEN\OPENFRAMEWORKS\OPENFRAMEWORKS_007\APPS\ADDONSEXAMPLES\KINECTAPP\OBJ\RELEASE\OFXCVSHORTIMAGE.OBJ
C:\USERS\MIHOO\DOWNLOADS\CODING\KINECT-ZUTATEN\OPENFRAMEWORKS\OPENFRAMEWORKS_007\APPS\ADDONSEXAMPLES\KINECTAPP\OBJ\RELEASE\OFXGUI.OBJ
C:\USERS\MIHOO\DOWNLOADS\CODING\KINECT-ZUTATEN\OPENFRAMEWORKS\OPENFRAMEWORKS_007\APPS\ADDONSEXAMPLES\KINECTAPP\OBJ\RELEASE\OFXGUIBUTTON.OBJ
C:\USERS\MIHOO\DOWNLOADS\CODING\KINECT-ZUTATEN\OPENFRAMEWORKS\OPENFRAMEWORKS_007\APPS\ADDONSEXAMPLES\KINECTAPP\OBJ\RELEASE\OFXGUICOLOR.OBJ
C:\USERS\MIHOO\DOWNLOADS\CODING\KINECT-ZUTATEN\OPENFRAMEWORKS\OPENFRAMEWORKS_007\APPS\ADDONSEXAMPLES\KINECTAPP\OBJ\RELEASE\OFXGUIFILES.OBJ
C:\USERS\MIHOO\DOWNLOADS\CODING\KINECT-ZUTATEN\OPENFRAMEWORKS\OPENFRAMEWORKS_007\APPS\ADDONSEXAMPLES\KINECTAPP\OBJ\RELEASE\OFXGUIGLOBALS.OBJ
C:\USERS\MIHOO\DOWNLOADS\CODING\KINECT-ZUTATEN\OPENFRAMEWORKS\OPENFRAMEWORKS_007\APPS\ADDONSEXAMPLES\KINECTAPP\OBJ\RELEASE\OFXGUIKNOB.OBJ
C:\USERS\MIHOO\DOWNLOADS\CODING\KINECT-ZUTATEN\OPENFRAMEWORKS\OPENFRAMEWORKS_007\APPS\ADDONSEXAMPLES\KINECTAPP\OBJ\RELEASE\OFXGUIMATRIX.OBJ
C:\USERS\MIHOO\DOWNLOADS\CODING\KINECT-ZUTATEN\OPENFRAMEWORKS\OPENFRAMEWORKS_007\APPS\ADDONSEXAMPLES\KINECTAPP\OBJ\RELEASE\OFXGUIMOVABLE.OBJ
C:\USERS\MIHOO\DOWNLOADS\CODING\KINECT-ZUTATEN\OPENFRAMEWORKS\OPENFRAMEWORKS_007\APPS\ADDONSEXAMPLES\KINECTAPP\OBJ\RELEASE\OFXGUIOBJECT.OBJ
C:\USERS\MIHOO\DOWNLOADS\CODING\KINECT-ZUTATEN\OPENFRAMEWORKS\OPENFRAMEWORKS_007\APPS\ADDONSEXAMPLES\KINECTAPP\OBJ\RELEASE\OFXGUIPANEL.OBJ
C:\USERS\MIHOO\DOWNLOADS\CODING\KINECT-ZUTATEN\OPENFRAMEWORKS\OPENFRAMEWORKS_007\APPS\ADDONSEXAMPLES\KINECTAPP\OBJ\RELEASE\OFXGUIPOINTS.OBJ
C:\USERS\MIHOO\DOWNLOADS\CODING\KINECT-ZUTATEN\OPENFRAMEWORKS\OPENFRAMEWORKS_007\APPS\ADDONSEXAMPLES\KINECTAPP\OBJ\RELEASE\OFXGUIRADAR.OBJ
C:\USERS\MIHOO\DOWNLOADS\CODING\KINECT-ZUTATEN\OPENFRAMEWORKS\OPENFRAMEWORKS_007\APPS\ADDONSEXAMPLES\KINECTAPP\OBJ\RELEASE\OFXGUISCOPE.OBJ
C:\USERS\MIHOO\DOWNLOADS\CODING\KINECT-ZUTATEN\OPENFRAMEWORKS\OPENFRAMEWORKS_007\APPS\ADDONSEXAMPLES\KINECTAPP\OBJ\RELEASE\OFXGUISLIDER.OBJ
C:\USERS\MIHOO\DOWNLOADS\CODING\KINECT-ZUTATEN\OPENFRAMEWORKS\OPENFRAMEWORKS_007\APPS\ADDONSEXAMPLES\KINECTAPP\OBJ\RELEASE\OFXGUISWITCH.OBJ
C:\USERS\MIHOO\DOWNLOADS\CODING\KINECT-ZUTATEN\OPENFRAMEWORKS\OPENFRAMEWORKS_007\APPS\ADDONSEXAMPLES\KINECTAPP\OBJ\RELEASE\OFXGUIXYPAD.OBJ
C:\USERS\MIHOO\DOWNLOADS\CODING\KINECT-ZUTATEN\OPENFRAMEWORKS\OPENFRAMEWORKS_007\APPS\ADDONSEXAMPLES\KINECTAPP\OBJ\RELEASE\OFXOPENNI.OBJ
C:\USERS\MIHOO\DOWNLOADS\CODING\KINECT-ZUTATEN\OPENFRAMEWORKS\OPENFRAMEWORKS_007\APPS\ADDONSEXAMPLES\KINECTAPP\OBJ\RELEASE\OFXOPENNITYPES.OBJ
C:\USERS\MIHOO\DOWNLOADS\CODING\KINECT-ZUTATEN\OPENFRAMEWORKS\OPENFRAMEWORKS_007\APPS\ADDONSEXAMPLES\KINECTAPP\OBJ\RELEASE\OFXOSCBUNDLE.OBJ
C:\USERS\MIHOO\DOWNLOADS\CODING\KINECT-ZUTATEN\OPENFRAMEWORKS\OPENFRAMEWORKS_007\APPS\ADDONSEXAMPLES\KINECTAPP\OBJ\RELEASE\OFXOSCMESSAGE.OBJ
C:\USERS\MIHOO\DOWNLOADS\CODING\KINECT-ZUTATEN\OPENFRAMEWORKS\OPENFRAMEWORKS_007\APPS\ADDONSEXAMPLES\KINECTAPP\OBJ\RELEASE\OFXOSCRECEIVER.OBJ
C:\USERS\MIHOO\DOWNLOADS\CODING\KINECT-ZUTATEN\OPENFRAMEWORKS\OPENFRAMEWORKS_007\APPS\ADDONSEXAMPLES\KINECTAPP\OBJ\RELEASE\OFXOSCSENDER.OBJ
C:\USERS\MIHOO\DOWNLOADS\CODING\KINECT-ZUTATEN\OPENFRAMEWORKS\OPENFRAMEWORKS_007\APPS\ADDONSEXAMPLES\KINECTAPP\OBJ\RELEASE\OFXXMLSETTINGS.OBJ
C:\USERS\MIHOO\DOWNLOADS\CODING\KINECT-ZUTATEN\OPENFRAMEWORKS\OPENFRAMEWORKS_007\APPS\ADDONSEXAMPLES\KINECTAPP\OBJ\RELEASE\TINYXML.OBJ
C:\USERS\MIHOO\DOWNLOADS\CODING\KINECT-ZUTATEN\OPENFRAMEWORKS\OPENFRAMEWORKS_007\APPS\ADDONSEXAMPLES\KINECTAPP\OBJ\RELEASE\TINYXMLERROR.OBJ
C:\USERS\MIHOO\DOWNLOADS\CODING\KINECT-ZUTATEN\OPENFRAMEWORKS\OPENFRAMEWORKS_007\APPS\ADDONSEXAMPLES\KINECTAPP\OBJ\RELEASE\TINYXMLPARSER.OBJ
