C:\USERS\MIHOO\DOWNLOADS\CODING\KINECT-ZUTATEN\OPENFRAMEWORKS\OPENFRAMEWORKS_007\APPS\ADDONSEXAMPLES\KINECT01 - KOPIE\BIN\KINECT01.EXE
C:\Users\mihoo\Downloads\Coding\Kinect-Zutaten\OpenFrameworks\OpenFrameworks_007\apps\addonsExamples\Kinect01 - Kopie\bin\Kinect01.exp
C:\Users\mihoo\Downloads\Coding\Kinect-Zutaten\OpenFrameworks\OpenFrameworks_007\apps\addonsExamples\Kinect01 - Kopie\bin\Kinect01.lib
C:\USERS\MIHOO\DOWNLOADS\CODING\KINECT-ZUTATEN\OPENFRAMEWORKS\OPENFRAMEWORKS_007\APPS\ADDONSEXAMPLES\KINECT01 - KOPIE\OBJ\RELEASE\FILTER.OBJ
C:\USERS\MIHOO\DOWNLOADS\CODING\KINECT-ZUTATEN\OPENFRAMEWORKS\OPENFRAMEWORKS_007\APPS\ADDONSEXAMPLES\KINECT01 - KOPIE\OBJ\RELEASE\KINECT01.EXE.INTERMEDIATE.MANIFEST
C:\USERS\MIHOO\DOWNLOADS\CODING\KINECT-ZUTATEN\OPENFRAMEWORKS\OPENFRAMEWORKS_007\APPS\ADDONSEXAMPLES\KINECT01 - KOPIE\OBJ\RELEASE\MAIN.OBJ
C:\USERS\MIHOO\DOWNLOADS\CODING\KINECT-ZUTATEN\OPENFRAMEWORKS\OPENFRAMEWORKS_007\APPS\ADDONSEXAMPLES\KINECT01 - KOPIE\OBJ\RELEASE\OFXCVCOLORIMAGE.OBJ
C:\USERS\MIHOO\DOWNLOADS\CODING\KINECT-ZUTATEN\OPENFRAMEWORKS\OPENFRAMEWORKS_007\APPS\ADDONSEXAMPLES\KINECT01 - KOPIE\OBJ\RELEASE\OFXCVCONTOURFINDER.OBJ
C:\USERS\MIHOO\DOWNLOADS\CODING\KINECT-ZUTATEN\OPENFRAMEWORKS\OPENFRAMEWORKS_007\APPS\ADDONSEXAMPLES\KINECT01 - KOPIE\OBJ\RELEASE\OFXCVFLOATIMAGE.OBJ
C:\USERS\MIHOO\DOWNLOADS\CODING\KINECT-ZUTATEN\OPENFRAMEWORKS\OPENFRAMEWORKS_007\APPS\ADDONSEXAMPLES\KINECT01 - KOPIE\OBJ\RELEASE\OFXCVGRAYSCALEIMAGE.OBJ
C:\USERS\MIHOO\DOWNLOADS\CODING\KINECT-ZUTATEN\OPENFRAMEWORKS\OPENFRAMEWORKS_007\APPS\ADDONSEXAMPLES\KINECT01 - KOPIE\OBJ\RELEASE\OFXCVHAARFINDER.OBJ
C:\USERS\MIHOO\DOWNLOADS\CODING\KINECT-ZUTATEN\OPENFRAMEWORKS\OPENFRAMEWORKS_007\APPS\ADDONSEXAMPLES\KINECT01 - KOPIE\OBJ\RELEASE\OFXCVIMAGE.OBJ
C:\USERS\MIHOO\DOWNLOADS\CODING\KINECT-ZUTATEN\OPENFRAMEWORKS\OPENFRAMEWORKS_007\APPS\ADDONSEXAMPLES\KINECT01 - KOPIE\OBJ\RELEASE\OFXCVSHORTIMAGE.OBJ
C:\USERS\MIHOO\DOWNLOADS\CODING\KINECT-ZUTATEN\OPENFRAMEWORKS\OPENFRAMEWORKS_007\APPS\ADDONSEXAMPLES\KINECT01 - KOPIE\OBJ\RELEASE\OFXDEPTHGENERATOR.OBJ
C:\USERS\MIHOO\DOWNLOADS\CODING\KINECT-ZUTATEN\OPENFRAMEWORKS\OPENFRAMEWORKS_007\APPS\ADDONSEXAMPLES\KINECT01 - KOPIE\OBJ\RELEASE\OFXGESTUREGENERATOR.OBJ
C:\USERS\MIHOO\DOWNLOADS\CODING\KINECT-ZUTATEN\OPENFRAMEWORKS\OPENFRAMEWORKS_007\APPS\ADDONSEXAMPLES\KINECT01 - KOPIE\OBJ\RELEASE\OFXGUI.OBJ
C:\USERS\MIHOO\DOWNLOADS\CODING\KINECT-ZUTATEN\OPENFRAMEWORKS\OPENFRAMEWORKS_007\APPS\ADDONSEXAMPLES\KINECT01 - KOPIE\OBJ\RELEASE\OFXGUIBUTTON.OBJ
C:\USERS\MIHOO\DOWNLOADS\CODING\KINECT-ZUTATEN\OPENFRAMEWORKS\OPENFRAMEWORKS_007\APPS\ADDONSEXAMPLES\KINECT01 - KOPIE\OBJ\RELEASE\OFXGUICOLOR.OBJ
C:\USERS\MIHOO\DOWNLOADS\CODING\KINECT-ZUTATEN\OPENFRAMEWORKS\OPENFRAMEWORKS_007\APPS\ADDONSEXAMPLES\KINECT01 - KOPIE\OBJ\RELEASE\OFXGUIFILES.OBJ
C:\USERS\MIHOO\DOWNLOADS\CODING\KINECT-ZUTATEN\OPENFRAMEWORKS\OPENFRAMEWORKS_007\APPS\ADDONSEXAMPLES\KINECT01 - KOPIE\OBJ\RELEASE\OFXGUIGLOBALS.OBJ
C:\USERS\MIHOO\DOWNLOADS\CODING\KINECT-ZUTATEN\OPENFRAMEWORKS\OPENFRAMEWORKS_007\APPS\ADDONSEXAMPLES\KINECT01 - KOPIE\OBJ\RELEASE\OFXGUIKNOB.OBJ
C:\USERS\MIHOO\DOWNLOADS\CODING\KINECT-ZUTATEN\OPENFRAMEWORKS\OPENFRAMEWORKS_007\APPS\ADDONSEXAMPLES\KINECT01 - KOPIE\OBJ\RELEASE\OFXGUIMATRIX.OBJ
C:\USERS\MIHOO\DOWNLOADS\CODING\KINECT-ZUTATEN\OPENFRAMEWORKS\OPENFRAMEWORKS_007\APPS\ADDONSEXAMPLES\KINECT01 - KOPIE\OBJ\RELEASE\OFXGUIMOVABLE.OBJ
C:\USERS\MIHOO\DOWNLOADS\CODING\KINECT-ZUTATEN\OPENFRAMEWORKS\OPENFRAMEWORKS_007\APPS\ADDONSEXAMPLES\KINECT01 - KOPIE\OBJ\RELEASE\OFXGUIOBJECT.OBJ
C:\USERS\MIHOO\DOWNLOADS\CODING\KINECT-ZUTATEN\OPENFRAMEWORKS\OPENFRAMEWORKS_007\APPS\ADDONSEXAMPLES\KINECT01 - KOPIE\OBJ\RELEASE\OFXGUIPANEL.OBJ
C:\USERS\MIHOO\DOWNLOADS\CODING\KINECT-ZUTATEN\OPENFRAMEWORKS\OPENFRAMEWORKS_007\APPS\ADDONSEXAMPLES\KINECT01 - KOPIE\OBJ\RELEASE\OFXGUIPOINTS.OBJ
C:\USERS\MIHOO\DOWNLOADS\CODING\KINECT-ZUTATEN\OPENFRAMEWORKS\OPENFRAMEWORKS_007\APPS\ADDONSEXAMPLES\KINECT01 - KOPIE\OBJ\RELEASE\OFXGUIRADAR.OBJ
C:\USERS\MIHOO\DOWNLOADS\CODING\KINECT-ZUTATEN\OPENFRAMEWORKS\OPENFRAMEWORKS_007\APPS\ADDONSEXAMPLES\KINECT01 - KOPIE\OBJ\RELEASE\OFXGUISCOPE.OBJ
C:\USERS\MIHOO\DOWNLOADS\CODING\KINECT-ZUTATEN\OPENFRAMEWORKS\OPENFRAMEWORKS_007\APPS\ADDONSEXAMPLES\KINECT01 - KOPIE\OBJ\RELEASE\OFXGUISLIDER.OBJ
C:\USERS\MIHOO\DOWNLOADS\CODING\KINECT-ZUTATEN\OPENFRAMEWORKS\OPENFRAMEWORKS_007\APPS\ADDONSEXAMPLES\KINECT01 - KOPIE\OBJ\RELEASE\OFXGUISWITCH.OBJ
C:\USERS\MIHOO\DOWNLOADS\CODING\KINECT-ZUTATEN\OPENFRAMEWORKS\OPENFRAMEWORKS_007\APPS\ADDONSEXAMPLES\KINECT01 - KOPIE\OBJ\RELEASE\OFXGUIXYPAD.OBJ
C:\USERS\MIHOO\DOWNLOADS\CODING\KINECT-ZUTATEN\OPENFRAMEWORKS\OPENFRAMEWORKS_007\APPS\ADDONSEXAMPLES\KINECT01 - KOPIE\OBJ\RELEASE\OFXHANDGENERATOR.OBJ
C:\USERS\MIHOO\DOWNLOADS\CODING\KINECT-ZUTATEN\OPENFRAMEWORKS\OPENFRAMEWORKS_007\APPS\ADDONSEXAMPLES\KINECT01 - KOPIE\OBJ\RELEASE\OFXHARDWAREDRIVER.OBJ
C:\USERS\MIHOO\DOWNLOADS\CODING\KINECT-ZUTATEN\OPENFRAMEWORKS\OPENFRAMEWORKS_007\APPS\ADDONSEXAMPLES\KINECT01 - KOPIE\OBJ\RELEASE\OFXIMAGEGENERATOR.OBJ
C:\USERS\MIHOO\DOWNLOADS\CODING\KINECT-ZUTATEN\OPENFRAMEWORKS\OPENFRAMEWORKS_007\APPS\ADDONSEXAMPLES\KINECT01 - KOPIE\OBJ\RELEASE\OFXIRGENERATOR.OBJ
C:\USERS\MIHOO\DOWNLOADS\CODING\KINECT-ZUTATEN\OPENFRAMEWORKS\OPENFRAMEWORKS_007\APPS\ADDONSEXAMPLES\KINECT01 - KOPIE\OBJ\RELEASE\OFXOPENNICONTEXT.OBJ
C:\USERS\MIHOO\DOWNLOADS\CODING\KINECT-ZUTATEN\OPENFRAMEWORKS\OPENFRAMEWORKS_007\APPS\ADDONSEXAMPLES\KINECT01 - KOPIE\OBJ\RELEASE\OFXOPENNIRECORDER.OBJ
C:\USERS\MIHOO\DOWNLOADS\CODING\KINECT-ZUTATEN\OPENFRAMEWORKS\OPENFRAMEWORKS_007\APPS\ADDONSEXAMPLES\KINECT01 - KOPIE\OBJ\RELEASE\OFXTEXTINPUTFIELD.OBJ
C:\USERS\MIHOO\DOWNLOADS\CODING\KINECT-ZUTATEN\OPENFRAMEWORKS\OPENFRAMEWORKS_007\APPS\ADDONSEXAMPLES\KINECT01 - KOPIE\OBJ\RELEASE\OFXTRACKEDHAND.OBJ
C:\USERS\MIHOO\DOWNLOADS\CODING\KINECT-ZUTATEN\OPENFRAMEWORKS\OPENFRAMEWORKS_007\APPS\ADDONSEXAMPLES\KINECT01 - KOPIE\OBJ\RELEASE\OFXTRACKEDUSER.OBJ
C:\USERS\MIHOO\DOWNLOADS\CODING\KINECT-ZUTATEN\OPENFRAMEWORKS\OPENFRAMEWORKS_007\APPS\ADDONSEXAMPLES\KINECT01 - KOPIE\OBJ\RELEASE\OFXUSERGENERATOR.OBJ
C:\USERS\MIHOO\DOWNLOADS\CODING\KINECT-ZUTATEN\OPENFRAMEWORKS\OPENFRAMEWORKS_007\APPS\ADDONSEXAMPLES\KINECT01 - KOPIE\OBJ\RELEASE\OFXXMLSETTINGS.OBJ
C:\USERS\MIHOO\DOWNLOADS\CODING\KINECT-ZUTATEN\OPENFRAMEWORKS\OPENFRAMEWORKS_007\APPS\ADDONSEXAMPLES\KINECT01 - KOPIE\OBJ\RELEASE\TESTAPP.OBJ
C:\USERS\MIHOO\DOWNLOADS\CODING\KINECT-ZUTATEN\OPENFRAMEWORKS\OPENFRAMEWORKS_007\APPS\ADDONSEXAMPLES\KINECT01 - KOPIE\OBJ\RELEASE\TINYXML.OBJ
C:\USERS\MIHOO\DOWNLOADS\CODING\KINECT-ZUTATEN\OPENFRAMEWORKS\OPENFRAMEWORKS_007\APPS\ADDONSEXAMPLES\KINECT01 - KOPIE\OBJ\RELEASE\TINYXMLERROR.OBJ
C:\USERS\MIHOO\DOWNLOADS\CODING\KINECT-ZUTATEN\OPENFRAMEWORKS\OPENFRAMEWORKS_007\APPS\ADDONSEXAMPLES\KINECT01 - KOPIE\OBJ\RELEASE\TINYXMLPARSER.OBJ
C:\Users\mihoo\Downloads\Coding\Kinect-Zutaten\OpenFrameworks\OpenFrameworks_007\apps\addonsExamples\Kinect01\bin\Kinect01.exe
C:\Users\mihoo\Downloads\Coding\Kinect-Zutaten\OpenFrameworks\OpenFrameworks_007\apps\addonsExamples\Kinect01\obj\Release\cl.command.1.tlog
C:\Users\mihoo\Downloads\Coding\Kinect-Zutaten\OpenFrameworks\OpenFrameworks_007\apps\addonsExamples\Kinect01\obj\Release\CL.read.1.tlog
C:\Users\mihoo\Downloads\Coding\Kinect-Zutaten\OpenFrameworks\OpenFrameworks_007\apps\addonsExamples\Kinect01\obj\Release\CL.write.1.tlog
C:\Users\mihoo\Downloads\Coding\Kinect-Zutaten\OpenFrameworks\OpenFrameworks_007\apps\addonsExamples\Kinect01\obj\Release\filter.obj
C:\Users\mihoo\Downloads\Coding\Kinect-Zutaten\OpenFrameworks\OpenFrameworks_007\apps\addonsExamples\Kinect01\obj\Release\Kinect01.exe.intermediate.manifest
C:\Users\mihoo\Downloads\Coding\Kinect-Zutaten\OpenFrameworks\OpenFrameworks_007\apps\addonsExamples\Kinect01\obj\Release\Kinect01.write.1.tlog
C:\Users\mihoo\Downloads\Coding\Kinect-Zutaten\OpenFrameworks\OpenFrameworks_007\apps\addonsExamples\Kinect01\obj\Release\link.command.1.tlog
C:\Users\mihoo\Downloads\Coding\Kinect-Zutaten\OpenFrameworks\OpenFrameworks_007\apps\addonsExamples\Kinect01\obj\Release\link.read.1.tlog
C:\Users\mihoo\Downloads\Coding\Kinect-Zutaten\OpenFrameworks\OpenFrameworks_007\apps\addonsExamples\Kinect01\obj\Release\link.write.1.tlog
C:\Users\mihoo\Downloads\Coding\Kinect-Zutaten\OpenFrameworks\OpenFrameworks_007\apps\addonsExamples\Kinect01\obj\Release\main.obj
C:\Users\mihoo\Downloads\Coding\Kinect-Zutaten\OpenFrameworks\OpenFrameworks_007\apps\addonsExamples\Kinect01\obj\Release\mt.command.1.tlog
C:\Users\mihoo\Downloads\Coding\Kinect-Zutaten\OpenFrameworks\OpenFrameworks_007\apps\addonsExamples\Kinect01\obj\Release\mt.read.1.tlog
C:\Users\mihoo\Downloads\Coding\Kinect-Zutaten\OpenFrameworks\OpenFrameworks_007\apps\addonsExamples\Kinect01\obj\Release\mt.write.1.tlog
C:\Users\mihoo\Downloads\Coding\Kinect-Zutaten\OpenFrameworks\OpenFrameworks_007\apps\addonsExamples\Kinect01\obj\Release\ofxCvColorImage.obj
C:\Users\mihoo\Downloads\Coding\Kinect-Zutaten\OpenFrameworks\OpenFrameworks_007\apps\addonsExamples\Kinect01\obj\Release\ofxCvContourFinder.obj
C:\Users\mihoo\Downloads\Coding\Kinect-Zutaten\OpenFrameworks\OpenFrameworks_007\apps\addonsExamples\Kinect01\obj\Release\ofxCvFloatImage.obj
C:\Users\mihoo\Downloads\Coding\Kinect-Zutaten\OpenFrameworks\OpenFrameworks_007\apps\addonsExamples\Kinect01\obj\Release\ofxCvGrayscaleImage.obj
C:\Users\mihoo\Downloads\Coding\Kinect-Zutaten\OpenFrameworks\OpenFrameworks_007\apps\addonsExamples\Kinect01\obj\Release\ofxCvHaarFinder.obj
C:\Users\mihoo\Downloads\Coding\Kinect-Zutaten\OpenFrameworks\OpenFrameworks_007\apps\addonsExamples\Kinect01\obj\Release\ofxCvImage.obj
C:\Users\mihoo\Downloads\Coding\Kinect-Zutaten\OpenFrameworks\OpenFrameworks_007\apps\addonsExamples\Kinect01\obj\Release\ofxCvShortImage.obj
C:\Users\mihoo\Downloads\Coding\Kinect-Zutaten\OpenFrameworks\OpenFrameworks_007\apps\addonsExamples\Kinect01\obj\Release\ofxDepthGenerator.obj
C:\Users\mihoo\Downloads\Coding\Kinect-Zutaten\OpenFrameworks\OpenFrameworks_007\apps\addonsExamples\Kinect01\obj\Release\ofxGestureGenerator.obj
C:\Users\mihoo\Downloads\Coding\Kinect-Zutaten\OpenFrameworks\OpenFrameworks_007\apps\addonsExamples\Kinect01\obj\Release\ofxGui.obj
C:\Users\mihoo\Downloads\Coding\Kinect-Zutaten\OpenFrameworks\OpenFrameworks_007\apps\addonsExamples\Kinect01\obj\Release\ofxGuiButton.obj
C:\Users\mihoo\Downloads\Coding\Kinect-Zutaten\OpenFrameworks\OpenFrameworks_007\apps\addonsExamples\Kinect01\obj\Release\ofxGuiColor.obj
C:\Users\mihoo\Downloads\Coding\Kinect-Zutaten\OpenFrameworks\OpenFrameworks_007\apps\addonsExamples\Kinect01\obj\Release\ofxGuiFiles.obj
C:\Users\mihoo\Downloads\Coding\Kinect-Zutaten\OpenFrameworks\OpenFrameworks_007\apps\addonsExamples\Kinect01\obj\Release\ofxGuiGlobals.obj
C:\Users\mihoo\Downloads\Coding\Kinect-Zutaten\OpenFrameworks\OpenFrameworks_007\apps\addonsExamples\Kinect01\obj\Release\ofxGuiKnob.obj
C:\Users\mihoo\Downloads\Coding\Kinect-Zutaten\OpenFrameworks\OpenFrameworks_007\apps\addonsExamples\Kinect01\obj\Release\ofxGuiMatrix.obj
C:\Users\mihoo\Downloads\Coding\Kinect-Zutaten\OpenFrameworks\OpenFrameworks_007\apps\addonsExamples\Kinect01\obj\Release\ofxGuiMovable.obj
C:\Users\mihoo\Downloads\Coding\Kinect-Zutaten\OpenFrameworks\OpenFrameworks_007\apps\addonsExamples\Kinect01\obj\Release\ofxGuiObject.obj
C:\Users\mihoo\Downloads\Coding\Kinect-Zutaten\OpenFrameworks\OpenFrameworks_007\apps\addonsExamples\Kinect01\obj\Release\ofxGuiPanel.obj
C:\Users\mihoo\Downloads\Coding\Kinect-Zutaten\OpenFrameworks\OpenFrameworks_007\apps\addonsExamples\Kinect01\obj\Release\ofxGuiPoints.obj
C:\Users\mihoo\Downloads\Coding\Kinect-Zutaten\OpenFrameworks\OpenFrameworks_007\apps\addonsExamples\Kinect01\obj\Release\ofxGuiRadar.obj
C:\Users\mihoo\Downloads\Coding\Kinect-Zutaten\OpenFrameworks\OpenFrameworks_007\apps\addonsExamples\Kinect01\obj\Release\ofxGuiScope.obj
C:\Users\mihoo\Downloads\Coding\Kinect-Zutaten\OpenFrameworks\OpenFrameworks_007\apps\addonsExamples\Kinect01\obj\Release\ofxGuiSlider.obj
C:\Users\mihoo\Downloads\Coding\Kinect-Zutaten\OpenFrameworks\OpenFrameworks_007\apps\addonsExamples\Kinect01\obj\Release\ofxGuiSwitch.obj
C:\Users\mihoo\Downloads\Coding\Kinect-Zutaten\OpenFrameworks\OpenFrameworks_007\apps\addonsExamples\Kinect01\obj\Release\ofxGuiXYPad.obj
C:\Users\mihoo\Downloads\Coding\Kinect-Zutaten\OpenFrameworks\OpenFrameworks_007\apps\addonsExamples\Kinect01\obj\Release\ofxHandGenerator.obj
C:\Users\mihoo\Downloads\Coding\Kinect-Zutaten\OpenFrameworks\OpenFrameworks_007\apps\addonsExamples\Kinect01\obj\Release\ofxHardwareDriver.obj
C:\Users\mihoo\Downloads\Coding\Kinect-Zutaten\OpenFrameworks\OpenFrameworks_007\apps\addonsExamples\Kinect01\obj\Release\ofxImageGenerator.obj
C:\Users\mihoo\Downloads\Coding\Kinect-Zutaten\OpenFrameworks\OpenFrameworks_007\apps\addonsExamples\Kinect01\obj\Release\ofxIRGenerator.obj
C:\Users\mihoo\Downloads\Coding\Kinect-Zutaten\OpenFrameworks\OpenFrameworks_007\apps\addonsExamples\Kinect01\obj\Release\ofxOpenNIContext.obj
C:\Users\mihoo\Downloads\Coding\Kinect-Zutaten\OpenFrameworks\OpenFrameworks_007\apps\addonsExamples\Kinect01\obj\Release\ofxOpenNIRecorder.obj
C:\Users\mihoo\Downloads\Coding\Kinect-Zutaten\OpenFrameworks\OpenFrameworks_007\apps\addonsExamples\Kinect01\obj\Release\ofxTextInputField.obj
C:\Users\mihoo\Downloads\Coding\Kinect-Zutaten\OpenFrameworks\OpenFrameworks_007\apps\addonsExamples\Kinect01\obj\Release\ofxTrackedHand.obj
C:\Users\mihoo\Downloads\Coding\Kinect-Zutaten\OpenFrameworks\OpenFrameworks_007\apps\addonsExamples\Kinect01\obj\Release\ofxTrackedUser.obj
C:\Users\mihoo\Downloads\Coding\Kinect-Zutaten\OpenFrameworks\OpenFrameworks_007\apps\addonsExamples\Kinect01\obj\Release\ofxUserGenerator.obj
C:\Users\mihoo\Downloads\Coding\Kinect-Zutaten\OpenFrameworks\OpenFrameworks_007\apps\addonsExamples\Kinect01\obj\Release\ofxXmlSettings.obj
C:\Users\mihoo\Downloads\Coding\Kinect-Zutaten\OpenFrameworks\OpenFrameworks_007\apps\addonsExamples\Kinect01\obj\Release\testApp.obj
C:\Users\mihoo\Downloads\Coding\Kinect-Zutaten\OpenFrameworks\OpenFrameworks_007\apps\addonsExamples\Kinect01\obj\Release\tinyxml.obj
C:\Users\mihoo\Downloads\Coding\Kinect-Zutaten\OpenFrameworks\OpenFrameworks_007\apps\addonsExamples\Kinect01\obj\Release\tinyxmlerror.obj
C:\Users\mihoo\Downloads\Coding\Kinect-Zutaten\OpenFrameworks\OpenFrameworks_007\apps\addonsExamples\Kinect01\obj\Release\tinyxmlparser.obj
