C:\USERS\MIHOO\DOWNLOADS\CODING\KINECT-ZUTATEN\OPENFRAMEWORKS\OPENFRAMEWORKS_007\APPS\ADDONSEXAMPLES\KINECT04\BIN\KINECT04.EXE
C:\Users\mihoo\Downloads\Coding\Kinect-Zutaten\OpenFrameworks\OpenFrameworks_007\apps\addonsExamples\Kinect04\bin\Kinect04.exp
C:\Users\mihoo\Downloads\Coding\Kinect-Zutaten\OpenFrameworks\OpenFrameworks_007\apps\addonsExamples\Kinect04\bin\Kinect04.lib
C:\Users\mihoo\Downloads\Coding\Kinect-Zutaten\OpenFrameworks\OpenFrameworks_007\apps\addonsExamples\Kinect04\obj\Release\cl.command.1.tlog
C:\Users\mihoo\Downloads\Coding\Kinect-Zutaten\OpenFrameworks\OpenFrameworks_007\apps\addonsExamples\Kinect04\obj\Release\CL.read.1.tlog
C:\Users\mihoo\Downloads\Coding\Kinect-Zutaten\OpenFrameworks\OpenFrameworks_007\apps\addonsExamples\Kinect04\obj\Release\CL.write.1.tlog
C:\USERS\MIHOO\DOWNLOADS\CODING\KINECT-ZUTATEN\OPENFRAMEWORKS\OPENFRAMEWORKS_007\APPS\ADDONSEXAMPLES\KINECT04\OBJ\RELEASE\FILTER.OBJ
C:\USERS\MIHOO\DOWNLOADS\CODING\KINECT-ZUTATEN\OPENFRAMEWORKS\OPENFRAMEWORKS_007\APPS\ADDONSEXAMPLES\KINECT04\OBJ\RELEASE\KINECT04.EXE.INTERMEDIATE.MANIFEST
C:\Users\mihoo\Downloads\Coding\Kinect-Zutaten\OpenFrameworks\OpenFrameworks_007\apps\addonsExamples\Kinect04\obj\Release\Kinect04.write.1.tlog
C:\USERS\MIHOO\DOWNLOADS\CODING\KINECT-ZUTATEN\OPENFRAMEWORKS\OPENFRAMEWORKS_007\APPS\ADDONSEXAMPLES\KINECT04\OBJ\RELEASE\KINECTAPP.OBJ
C:\Users\mihoo\Downloads\Coding\Kinect-Zutaten\OpenFrameworks\OpenFrameworks_007\apps\addonsExamples\Kinect04\obj\Release\link.command.1.tlog
C:\Users\mihoo\Downloads\Coding\Kinect-Zutaten\OpenFrameworks\OpenFrameworks_007\apps\addonsExamples\Kinect04\obj\Release\link.read.1.tlog
C:\Users\mihoo\Downloads\Coding\Kinect-Zutaten\OpenFrameworks\OpenFrameworks_007\apps\addonsExamples\Kinect04\obj\Release\link.write.1.tlog
C:\USERS\MIHOO\DOWNLOADS\CODING\KINECT-ZUTATEN\OPENFRAMEWORKS\OPENFRAMEWORKS_007\APPS\ADDONSEXAMPLES\KINECT04\OBJ\RELEASE\MAIN.OBJ
C:\Users\mihoo\Downloads\Coding\Kinect-Zutaten\OpenFrameworks\OpenFrameworks_007\apps\addonsExamples\Kinect04\obj\Release\mt.command.1.tlog
C:\Users\mihoo\Downloads\Coding\Kinect-Zutaten\OpenFrameworks\OpenFrameworks_007\apps\addonsExamples\Kinect04\obj\Release\mt.read.1.tlog
C:\Users\mihoo\Downloads\Coding\Kinect-Zutaten\OpenFrameworks\OpenFrameworks_007\apps\addonsExamples\Kinect04\obj\Release\mt.write.1.tlog
C:\USERS\MIHOO\DOWNLOADS\CODING\KINECT-ZUTATEN\OPENFRAMEWORKS\OPENFRAMEWORKS_007\APPS\ADDONSEXAMPLES\KINECT04\OBJ\RELEASE\OFXCVCOLORIMAGE.OBJ
C:\USERS\MIHOO\DOWNLOADS\CODING\KINECT-ZUTATEN\OPENFRAMEWORKS\OPENFRAMEWORKS_007\APPS\ADDONSEXAMPLES\KINECT04\OBJ\RELEASE\OFXCVCONTOURFINDER.OBJ
C:\USERS\MIHOO\DOWNLOADS\CODING\KINECT-ZUTATEN\OPENFRAMEWORKS\OPENFRAMEWORKS_007\APPS\ADDONSEXAMPLES\KINECT04\OBJ\RELEASE\OFXCVFLOATIMAGE.OBJ
C:\USERS\MIHOO\DOWNLOADS\CODING\KINECT-ZUTATEN\OPENFRAMEWORKS\OPENFRAMEWORKS_007\APPS\ADDONSEXAMPLES\KINECT04\OBJ\RELEASE\OFXCVGRAYSCALEIMAGE.OBJ
C:\USERS\MIHOO\DOWNLOADS\CODING\KINECT-ZUTATEN\OPENFRAMEWORKS\OPENFRAMEWORKS_007\APPS\ADDONSEXAMPLES\KINECT04\OBJ\RELEASE\OFXCVHAARFINDER.OBJ
C:\USERS\MIHOO\DOWNLOADS\CODING\KINECT-ZUTATEN\OPENFRAMEWORKS\OPENFRAMEWORKS_007\APPS\ADDONSEXAMPLES\KINECT04\OBJ\RELEASE\OFXCVIMAGE.OBJ
C:\USERS\MIHOO\DOWNLOADS\CODING\KINECT-ZUTATEN\OPENFRAMEWORKS\OPENFRAMEWORKS_007\APPS\ADDONSEXAMPLES\KINECT04\OBJ\RELEASE\OFXCVSHORTIMAGE.OBJ
C:\USERS\MIHOO\DOWNLOADS\CODING\KINECT-ZUTATEN\OPENFRAMEWORKS\OPENFRAMEWORKS_007\APPS\ADDONSEXAMPLES\KINECT04\OBJ\RELEASE\OFXDEPTHGENERATOR.OBJ
C:\USERS\MIHOO\DOWNLOADS\CODING\KINECT-ZUTATEN\OPENFRAMEWORKS\OPENFRAMEWORKS_007\APPS\ADDONSEXAMPLES\KINECT04\OBJ\RELEASE\OFXGESTUREGENERATOR.OBJ
C:\USERS\MIHOO\DOWNLOADS\CODING\KINECT-ZUTATEN\OPENFRAMEWORKS\OPENFRAMEWORKS_007\APPS\ADDONSEXAMPLES\KINECT04\OBJ\RELEASE\OFXGUI.OBJ
C:\USERS\MIHOO\DOWNLOADS\CODING\KINECT-ZUTATEN\OPENFRAMEWORKS\OPENFRAMEWORKS_007\APPS\ADDONSEXAMPLES\KINECT04\OBJ\RELEASE\OFXGUIBUTTON.OBJ
C:\USERS\MIHOO\DOWNLOADS\CODING\KINECT-ZUTATEN\OPENFRAMEWORKS\OPENFRAMEWORKS_007\APPS\ADDONSEXAMPLES\KINECT04\OBJ\RELEASE\OFXGUICOLOR.OBJ
C:\USERS\MIHOO\DOWNLOADS\CODING\KINECT-ZUTATEN\OPENFRAMEWORKS\OPENFRAMEWORKS_007\APPS\ADDONSEXAMPLES\KINECT04\OBJ\RELEASE\OFXGUIFILES.OBJ
C:\USERS\MIHOO\DOWNLOADS\CODING\KINECT-ZUTATEN\OPENFRAMEWORKS\OPENFRAMEWORKS_007\APPS\ADDONSEXAMPLES\KINECT04\OBJ\RELEASE\OFXGUIGLOBALS.OBJ
C:\USERS\MIHOO\DOWNLOADS\CODING\KINECT-ZUTATEN\OPENFRAMEWORKS\OPENFRAMEWORKS_007\APPS\ADDONSEXAMPLES\KINECT04\OBJ\RELEASE\OFXGUIKNOB.OBJ
C:\USERS\MIHOO\DOWNLOADS\CODING\KINECT-ZUTATEN\OPENFRAMEWORKS\OPENFRAMEWORKS_007\APPS\ADDONSEXAMPLES\KINECT04\OBJ\RELEASE\OFXGUIMATRIX.OBJ
C:\USERS\MIHOO\DOWNLOADS\CODING\KINECT-ZUTATEN\OPENFRAMEWORKS\OPENFRAMEWORKS_007\APPS\ADDONSEXAMPLES\KINECT04\OBJ\RELEASE\OFXGUIMOVABLE.OBJ
C:\USERS\MIHOO\DOWNLOADS\CODING\KINECT-ZUTATEN\OPENFRAMEWORKS\OPENFRAMEWORKS_007\APPS\ADDONSEXAMPLES\KINECT04\OBJ\RELEASE\OFXGUIOBJECT.OBJ
C:\USERS\MIHOO\DOWNLOADS\CODING\KINECT-ZUTATEN\OPENFRAMEWORKS\OPENFRAMEWORKS_007\APPS\ADDONSEXAMPLES\KINECT04\OBJ\RELEASE\OFXGUIPANEL.OBJ
C:\USERS\MIHOO\DOWNLOADS\CODING\KINECT-ZUTATEN\OPENFRAMEWORKS\OPENFRAMEWORKS_007\APPS\ADDONSEXAMPLES\KINECT04\OBJ\RELEASE\OFXGUIPOINTS.OBJ
C:\USERS\MIHOO\DOWNLOADS\CODING\KINECT-ZUTATEN\OPENFRAMEWORKS\OPENFRAMEWORKS_007\APPS\ADDONSEXAMPLES\KINECT04\OBJ\RELEASE\OFXGUIRADAR.OBJ
C:\USERS\MIHOO\DOWNLOADS\CODING\KINECT-ZUTATEN\OPENFRAMEWORKS\OPENFRAMEWORKS_007\APPS\ADDONSEXAMPLES\KINECT04\OBJ\RELEASE\OFXGUISCOPE.OBJ
C:\USERS\MIHOO\DOWNLOADS\CODING\KINECT-ZUTATEN\OPENFRAMEWORKS\OPENFRAMEWORKS_007\APPS\ADDONSEXAMPLES\KINECT04\OBJ\RELEASE\OFXGUISLIDER.OBJ
C:\USERS\MIHOO\DOWNLOADS\CODING\KINECT-ZUTATEN\OPENFRAMEWORKS\OPENFRAMEWORKS_007\APPS\ADDONSEXAMPLES\KINECT04\OBJ\RELEASE\OFXGUISWITCH.OBJ
C:\USERS\MIHOO\DOWNLOADS\CODING\KINECT-ZUTATEN\OPENFRAMEWORKS\OPENFRAMEWORKS_007\APPS\ADDONSEXAMPLES\KINECT04\OBJ\RELEASE\OFXGUIXYPAD.OBJ
C:\USERS\MIHOO\DOWNLOADS\CODING\KINECT-ZUTATEN\OPENFRAMEWORKS\OPENFRAMEWORKS_007\APPS\ADDONSEXAMPLES\KINECT04\OBJ\RELEASE\OFXHANDGENERATOR.OBJ
C:\USERS\MIHOO\DOWNLOADS\CODING\KINECT-ZUTATEN\OPENFRAMEWORKS\OPENFRAMEWORKS_007\APPS\ADDONSEXAMPLES\KINECT04\OBJ\RELEASE\OFXHARDWAREDRIVER.OBJ
C:\USERS\MIHOO\DOWNLOADS\CODING\KINECT-ZUTATEN\OPENFRAMEWORKS\OPENFRAMEWORKS_007\APPS\ADDONSEXAMPLES\KINECT04\OBJ\RELEASE\OFXIMAGEGENERATOR.OBJ
C:\USERS\MIHOO\DOWNLOADS\CODING\KINECT-ZUTATEN\OPENFRAMEWORKS\OPENFRAMEWORKS_007\APPS\ADDONSEXAMPLES\KINECT04\OBJ\RELEASE\OFXIRGENERATOR.OBJ
C:\USERS\MIHOO\DOWNLOADS\CODING\KINECT-ZUTATEN\OPENFRAMEWORKS\OPENFRAMEWORKS_007\APPS\ADDONSEXAMPLES\KINECT04\OBJ\RELEASE\OFXOPENNICONTEXT.OBJ
C:\USERS\MIHOO\DOWNLOADS\CODING\KINECT-ZUTATEN\OPENFRAMEWORKS\OPENFRAMEWORKS_007\APPS\ADDONSEXAMPLES\KINECT04\OBJ\RELEASE\OFXOPENNIRECORDER.OBJ
C:\USERS\MIHOO\DOWNLOADS\CODING\KINECT-ZUTATEN\OPENFRAMEWORKS\OPENFRAMEWORKS_007\APPS\ADDONSEXAMPLES\KINECT04\OBJ\RELEASE\OFXOSCBUNDLE.OBJ
C:\USERS\MIHOO\DOWNLOADS\CODING\KINECT-ZUTATEN\OPENFRAMEWORKS\OPENFRAMEWORKS_007\APPS\ADDONSEXAMPLES\KINECT04\OBJ\RELEASE\OFXOSCMESSAGE.OBJ
C:\USERS\MIHOO\DOWNLOADS\CODING\KINECT-ZUTATEN\OPENFRAMEWORKS\OPENFRAMEWORKS_007\APPS\ADDONSEXAMPLES\KINECT04\OBJ\RELEASE\OFXOSCRECEIVER.OBJ
C:\USERS\MIHOO\DOWNLOADS\CODING\KINECT-ZUTATEN\OPENFRAMEWORKS\OPENFRAMEWORKS_007\APPS\ADDONSEXAMPLES\KINECT04\OBJ\RELEASE\OFXOSCSENDER.OBJ
C:\USERS\MIHOO\DOWNLOADS\CODING\KINECT-ZUTATEN\OPENFRAMEWORKS\OPENFRAMEWORKS_007\APPS\ADDONSEXAMPLES\KINECT04\OBJ\RELEASE\OFXTRACKEDHAND.OBJ
C:\USERS\MIHOO\DOWNLOADS\CODING\KINECT-ZUTATEN\OPENFRAMEWORKS\OPENFRAMEWORKS_007\APPS\ADDONSEXAMPLES\KINECT04\OBJ\RELEASE\OFXTRACKEDUSER.OBJ
C:\USERS\MIHOO\DOWNLOADS\CODING\KINECT-ZUTATEN\OPENFRAMEWORKS\OPENFRAMEWORKS_007\APPS\ADDONSEXAMPLES\KINECT04\OBJ\RELEASE\OFXUSERGENERATOR.OBJ
C:\USERS\MIHOO\DOWNLOADS\CODING\KINECT-ZUTATEN\OPENFRAMEWORKS\OPENFRAMEWORKS_007\APPS\ADDONSEXAMPLES\KINECT04\OBJ\RELEASE\OFXXMLSETTINGS.OBJ
C:\USERS\MIHOO\DOWNLOADS\CODING\KINECT-ZUTATEN\OPENFRAMEWORKS\OPENFRAMEWORKS_007\APPS\ADDONSEXAMPLES\KINECT04\OBJ\RELEASE\TINYXML.OBJ
C:\USERS\MIHOO\DOWNLOADS\CODING\KINECT-ZUTATEN\OPENFRAMEWORKS\OPENFRAMEWORKS_007\APPS\ADDONSEXAMPLES\KINECT04\OBJ\RELEASE\TINYXMLERROR.OBJ
C:\USERS\MIHOO\DOWNLOADS\CODING\KINECT-ZUTATEN\OPENFRAMEWORKS\OPENFRAMEWORKS_007\APPS\ADDONSEXAMPLES\KINECT04\OBJ\RELEASE\TINYXMLPARSER.OBJ
