Der Buildvorgang wurde am 08.03.2012 12:56:17 gestartet.
     1>Projekt "C:\Users\mihoo\Downloads\Coding\Kinect-Zutaten\OpenFrameworks\OpenFrameworks_007\apps\addonsExamples\KinectApp\opencvExample.vcxproj" auf Knoten "2", rebuild Ziel(e).
     1>_PrepareForClean:
         Die Datei "obj\Release\Kinect.lastbuildstate" wird gelöscht.
       InitializeBuildStatus:
         "obj\Release\Kinect.unsuccessfulbuild" wird erstellt, da "AlwaysCreate" angegeben wurde.
       ClCompile:
         C:\Program Files (x86)\Microsoft Visual Studio 10.0\VC\bin\CL.exe /c /I..\..\..\libs\openFrameworks /I..\..\..\libs\openFrameworks\graphics /I..\..\..\libs\openFrameworks\app /I..\..\..\libs\openFrameworks\sound /I..\..\..\libs\openFrameworks\utils /I..\..\..\libs\openFrameworks\communication /I..\..\..\libs\openFrameworks\video /I..\..\..\libs\openFrameworks\math /I..\..\..\libs\openFrameworks\types /I..\..\..\libs\openFrameworks\events /I..\..\..\libs\glut\include /I..\..\..\libs\rtAudio\include /I..\..\..\libs\quicktime\include /I..\..\..\libs\freetype\include /I..\..\..\libs\freetype\include\freetype2 /I..\..\..\libs\freeImage\include /I..\..\..\libs\fmodex\include /I..\..\..\libs\videoInput\include /I..\..\..\libs\glew\include\ /I..\..\..\libs\glu\include /I..\..\..\libs\poco\include /I..\..\..\addons /I..\..\..\libs\openFrameworks\gl /I..\..\..\libs\openFrameworks\3d /I..\..\..\libs\tess2\include /I..\..\..\libs\cairo\include\cairo /I..\..\..\addons\ofxNetwork\src /I..\..\..\addons\ofxDirList\src /I..\..\..\addons\ofxObjLoader\src /I..\..\..\addons\ofxOpenCv\libs\opencv\include /I..\..\..\addons\ofxOpenCv\libs\opencv\include\opencv /I..\..\..\addons\ofxOpenCv\src /I..\..\..\addons\ofxOsc\src /I..\..\..\addons\ofxOsc\libs\oscpack\include\ip /I..\..\..\addons\ofxOsc\libs\oscpack\include\osc /I..\..\..\addons\ofxThread\src /I..\..\..\addons\ofxVectorGraphics\src /I..\..\..\addons\ofxVectorGraphics\libs /I..\..\..\addons\ofxVectorMath\src /I..\..\..\addons\ofxGui\src /I..\..\..\addons\ofxXMLSettings\libs /I..\..\..\addons\ofxXMLSettings\src /I..\..\..\addons\ofx3DModelLoader\src /I..\..\..\addons\ofx3DModelLoader\src\3DS /I..\..\..\addons\ofxAssimpModelLoader\src /I..\..\..\addons\ofxAssimpModelLoader\libs\assimp\include /I..\..\..\addons\ofxThreadedImageLoader\src /I"..\..\..\addons\ofxOpenNI-experimental\include\openni" /I"..\..\..\addons\ofxOpenNI-experimental\include\nite" /I"..\..\..\addons\ofxOpenNI-experimental\src" /nologo /W3 /WX- /O2 /Oy- /D WIN32 /D NDEBUG /D _CONSOLE /D POCO_STATIC /D CAIRO_WIN32_STATIC_BUILD /D DISABLE_SOME_FLOATING_POINT /D _UNICODE /D UNICODE /Gm- /EHsc /MD /GS /fp:precise /Zc:wchar_t /Zc:forScope /Fo"obj\Release\\" /Fd"obj\Release\vc100.pdb" /Gd /TP /analyze- /errorReport:prompt ..\..\..\addons\ofxGui\src\ofxGui.cpp ..\..\..\addons\ofxGui\src\ofxGuiButton.cpp ..\..\..\addons\ofxGui\src\ofxGuiColor.cpp ..\..\..\addons\ofxGui\src\ofxGuiFiles.cpp ..\..\..\addons\ofxGui\src\ofxGuiGlobals.cpp ..\..\..\addons\ofxGui\src\ofxGuiKnob.cpp ..\..\..\addons\ofxGui\src\ofxGuiMatrix.cpp ..\..\..\addons\ofxGui\src\ofxGuiMovable.cpp ..\..\..\addons\ofxGui\src\ofxGuiObject.cpp ..\..\..\addons\ofxGui\src\ofxGuiPanel.cpp ..\..\..\addons\ofxGui\src\ofxGuiPoints.cpp ..\..\..\addons\ofxGui\src\ofxGuiRadar.cpp ..\..\..\addons\ofxGui\src\ofxGuiScope.cpp ..\..\..\addons\ofxGui\src\ofxGuiSlider.cpp ..\..\..\addons\ofxGui\src\ofxGuiSwitch.cpp ..\..\..\addons\ofxGui\src\ofxGuiXYPad.cpp ..\..\..\addons\ofxOpenCv\src\ofxCvHaarFinder.cpp "..\..\..\addons\ofxOpenNI-experimental\src\ofxOpenNI.cpp" "..\..\..\addons\ofxOpenNI-experimental\src\ofxOpenNITypes.cpp" ..\..\..\addons\ofxOsc\src\ofxOscBundle.cpp ..\..\..\addons\ofxOsc\src\ofxOscMessage.cpp ..\..\..\addons\ofxOsc\src\ofxOscReceiver.cpp ..\..\..\addons\ofxOsc\src\ofxOscSender.cpp ..\..\..\addons\ofxXmlSettings\libs\tinyxml.cpp ..\..\..\addons\ofxXmlSettings\libs\tinyxmlerror.cpp ..\..\..\addons\ofxXmlSettings\libs\tinyxmlparser.cpp ..\..\..\addons\ofxXmlSettings\src\ofxXmlSettings.cpp ..\..\..\addons\ofxOpenCv\src\ofxCvColorImage.cpp ..\..\..\addons\ofxOpenCv\src\ofxCvContourFinder.cpp ..\..\..\addons\ofxOpenCv\src\ofxCvFloatImage.cpp ..\..\..\addons\ofxOpenCv\src\ofxCvGrayscaleImage.cpp ..\..\..\addons\ofxOpenCv\src\ofxCvImage.cpp ..\..\..\addons\ofxOpenCv\src\ofxCvShortImage.cpp src\filter.cpp src\main.cpp src\kinectApp.cpp
         ofxGui.cpp
         ofxGuiButton.cpp
         ofxGuiColor.cpp
         ofxGuiFiles.cpp
         ofxGuiGlobals.cpp
         ofxGuiKnob.cpp
         ofxGuiMatrix.cpp
         ofxGuiMovable.cpp
         ofxGuiObject.cpp
         ofxGuiPanel.cpp
         ofxGuiPoints.cpp
         ofxGuiRadar.cpp
         ofxGuiScope.cpp
         ofxGuiSlider.cpp
         ofxGuiSwitch.cpp
         ofxGuiXYPad.cpp
         ofxCvHaarFinder.cpp
         ofxOpenNI.cpp
     1>..\..\..\libs\openFrameworks\graphics\ofPixels.h(150): warning C4003: Nicht genügend übergebene Parameter für das Makro 'max'
     1>..\..\..\libs\openFrameworks\graphics\ofPixels.h(151): warning C4003: Nicht genügend übergebene Parameter für das Makro 'max'
     1>..\..\..\addons\ofxOpenNI-experimental\src\ofxOpenNI.cpp(480): warning C4930: 'Poco::ScopedLock<M> lock(void)': Funktion mit Prototyp wurde nicht aufgerufen (war eine Variablendefinition gemeint?)
                 with
                 [
                     M=Poco::FastMutex
                 ]
     1>..\..\..\addons\ofxOpenNI-experimental\src\ofxOpenNI.cpp(713): warning C4930: 'Poco::ScopedLock<M> lock(void)': Funktion mit Prototyp wurde nicht aufgerufen (war eine Variablendefinition gemeint?)
                 with
                 [
                     M=Poco::FastMutex
                 ]
     1>..\..\..\addons\ofxOpenNI-experimental\src\ofxOpenNI.cpp(722): warning C4930: 'Poco::ScopedLock<M> lock(void)': Funktion mit Prototyp wurde nicht aufgerufen (war eine Variablendefinition gemeint?)
                 with
                 [
                     M=Poco::FastMutex
                 ]
     1>..\..\..\addons\ofxOpenNI-experimental\src\ofxOpenNI.cpp(731): warning C4930: 'Poco::ScopedLock<M> lock(void)': Funktion mit Prototyp wurde nicht aufgerufen (war eine Variablendefinition gemeint?)
                 with
                 [
                     M=Poco::FastMutex
                 ]
     1>..\..\..\addons\ofxOpenNI-experimental\src\ofxOpenNI.cpp(740): warning C4930: 'Poco::ScopedLock<M> lock(void)': Funktion mit Prototyp wurde nicht aufgerufen (war eine Variablendefinition gemeint?)
                 with
                 [
                     M=Poco::FastMutex
                 ]
     1>..\..\..\addons\ofxOpenNI-experimental\src\ofxOpenNI.cpp(754): warning C4930: 'Poco::ScopedLock<M> lock(void)': Funktion mit Prototyp wurde nicht aufgerufen (war eine Variablendefinition gemeint?)
                 with
                 [
                     M=Poco::FastMutex
                 ]
     1>..\..\..\addons\ofxOpenNI-experimental\src\ofxOpenNI.cpp(762): warning C4930: 'Poco::ScopedLock<M> lock(void)': Funktion mit Prototyp wurde nicht aufgerufen (war eine Variablendefinition gemeint?)
                 with
                 [
                     M=Poco::FastMutex
                 ]
     1>..\..\..\addons\ofxOpenNI-experimental\src\ofxOpenNI.cpp(770): warning C4930: 'Poco::ScopedLock<M> lock(void)': Funktion mit Prototyp wurde nicht aufgerufen (war eine Variablendefinition gemeint?)
                 with
                 [
                     M=Poco::FastMutex
                 ]
     1>..\..\..\addons\ofxOpenNI-experimental\src\ofxOpenNI.cpp(776): warning C4930: 'Poco::ScopedLock<M> lock(void)': Funktion mit Prototyp wurde nicht aufgerufen (war eine Variablendefinition gemeint?)
                 with
                 [
                     M=Poco::FastMutex
                 ]
     1>..\..\..\addons\ofxOpenNI-experimental\src\ofxOpenNI.cpp(864): warning C4930: 'Poco::ScopedLock<M> lock(void)': Funktion mit Prototyp wurde nicht aufgerufen (war eine Variablendefinition gemeint?)
                 with
                 [
                     M=Poco::FastMutex
                 ]
     1>..\..\..\addons\ofxOpenNI-experimental\src\ofxOpenNI.cpp(871): warning C4930: 'Poco::ScopedLock<M> lock(void)': Funktion mit Prototyp wurde nicht aufgerufen (war eine Variablendefinition gemeint?)
                 with
                 [
                     M=Poco::FastMutex
                 ]
     1>..\..\..\addons\ofxOpenNI-experimental\src\ofxOpenNI.cpp(878): warning C4930: 'Poco::ScopedLock<M> lock(void)': Funktion mit Prototyp wurde nicht aufgerufen (war eine Variablendefinition gemeint?)
                 with
                 [
                     M=Poco::FastMutex
                 ]
     1>..\..\..\addons\ofxOpenNI-experimental\src\ofxOpenNI.cpp(885): warning C4930: 'Poco::ScopedLock<M> lock(void)': Funktion mit Prototyp wurde nicht aufgerufen (war eine Variablendefinition gemeint?)
                 with
                 [
                     M=Poco::FastMutex
                 ]
     1>..\..\..\addons\ofxOpenNI-experimental\src\ofxOpenNI.cpp(892): warning C4930: 'Poco::ScopedLock<M> lock(void)': Funktion mit Prototyp wurde nicht aufgerufen (war eine Variablendefinition gemeint?)
                 with
                 [
                     M=Poco::FastMutex
                 ]
     1>..\..\..\addons\ofxOpenNI-experimental\src\ofxOpenNI.cpp(899): warning C4930: 'Poco::ScopedLock<M> lock(void)': Funktion mit Prototyp wurde nicht aufgerufen (war eine Variablendefinition gemeint?)
                 with
                 [
                     M=Poco::FastMutex
                 ]
     1>..\..\..\addons\ofxOpenNI-experimental\src\ofxOpenNI.cpp(906): warning C4930: 'Poco::ScopedLock<M> lock(void)': Funktion mit Prototyp wurde nicht aufgerufen (war eine Variablendefinition gemeint?)
                 with
                 [
                     M=Poco::FastMutex
                 ]
     1>..\..\..\addons\ofxOpenNI-experimental\src\ofxOpenNI.cpp(913): warning C4930: 'Poco::ScopedLock<M> lock(void)': Funktion mit Prototyp wurde nicht aufgerufen (war eine Variablendefinition gemeint?)
                 with
                 [
                     M=Poco::FastMutex
                 ]
     1>..\..\..\addons\ofxOpenNI-experimental\src\ofxOpenNI.cpp(980): warning C4930: 'Poco::ScopedLock<M> lock(void)': Funktion mit Prototyp wurde nicht aufgerufen (war eine Variablendefinition gemeint?)
                 with
                 [
                     M=Poco::FastMutex
                 ]
     1>..\..\..\addons\ofxOpenNI-experimental\src\ofxOpenNI.cpp(995): warning C4930: 'Poco::ScopedLock<M> lock(void)': Funktion mit Prototyp wurde nicht aufgerufen (war eine Variablendefinition gemeint?)
                 with
                 [
                     M=Poco::FastMutex
                 ]
     1>..\..\..\addons\ofxOpenNI-experimental\src\ofxOpenNI.cpp(1008): warning C4930: 'Poco::ScopedLock<M> lock(void)': Funktion mit Prototyp wurde nicht aufgerufen (war eine Variablendefinition gemeint?)
                 with
                 [
                     M=Poco::FastMutex
                 ]
     1>..\..\..\addons\ofxOpenNI-experimental\src\ofxOpenNI.cpp(1021): warning C4930: 'Poco::ScopedLock<M> lock(void)': Funktion mit Prototyp wurde nicht aufgerufen (war eine Variablendefinition gemeint?)
                 with
                 [
                     M=Poco::FastMutex
                 ]
     1>..\..\..\addons\ofxOpenNI-experimental\src\ofxOpenNI.cpp(1034): warning C4930: 'Poco::ScopedLock<M> lock(void)': Funktion mit Prototyp wurde nicht aufgerufen (war eine Variablendefinition gemeint?)
                 with
                 [
                     M=Poco::FastMutex
                 ]
     1>..\..\..\addons\ofxOpenNI-experimental\src\ofxOpenNI.cpp(1088): warning C4930: 'Poco::ScopedLock<M> lock(void)': Funktion mit Prototyp wurde nicht aufgerufen (war eine Variablendefinition gemeint?)
                 with
                 [
                     M=Poco::FastMutex
                 ]
     1>..\..\..\addons\ofxOpenNI-experimental\src\ofxOpenNI.cpp(1099): warning C4930: 'Poco::ScopedLock<M> lock(void)': Funktion mit Prototyp wurde nicht aufgerufen (war eine Variablendefinition gemeint?)
                 with
                 [
                     M=Poco::FastMutex
                 ]
     1>..\..\..\addons\ofxOpenNI-experimental\src\ofxOpenNI.cpp(1285): warning C4930: 'Poco::ScopedLock<M> lock(void)': Funktion mit Prototyp wurde nicht aufgerufen (war eine Variablendefinition gemeint?)
                 with
                 [
                     M=Poco::FastMutex
                 ]
     1>..\..\..\addons\ofxOpenNI-experimental\src\ofxOpenNI.cpp(1339): warning C4930: 'Poco::ScopedLock<M> lock(void)': Funktion mit Prototyp wurde nicht aufgerufen (war eine Variablendefinition gemeint?)
                 with
                 [
                     M=Poco::FastMutex
                 ]
     1>..\..\..\addons\ofxOpenNI-experimental\src\ofxOpenNI.cpp(1346): warning C4930: 'Poco::ScopedLock<M> lock(void)': Funktion mit Prototyp wurde nicht aufgerufen (war eine Variablendefinition gemeint?)
                 with
                 [
                     M=Poco::FastMutex
                 ]
     1>..\..\..\addons\ofxOpenNI-experimental\src\ofxOpenNI.cpp(1364): warning C4930: 'Poco::ScopedLock<M> lock(void)': Funktion mit Prototyp wurde nicht aufgerufen (war eine Variablendefinition gemeint?)
                 with
                 [
                     M=Poco::FastMutex
                 ]
     1>..\..\..\addons\ofxOpenNI-experimental\src\ofxOpenNI.cpp(1386): warning C4930: 'Poco::ScopedLock<M> lock(void)': Funktion mit Prototyp wurde nicht aufgerufen (war eine Variablendefinition gemeint?)
                 with
                 [
                     M=Poco::FastMutex
                 ]
     1>..\..\..\addons\ofxOpenNI-experimental\src\ofxOpenNI.cpp(1468): warning C4930: 'Poco::ScopedLock<M> lock(void)': Funktion mit Prototyp wurde nicht aufgerufen (war eine Variablendefinition gemeint?)
                 with
                 [
                     M=Poco::FastMutex
                 ]
     1>..\..\..\addons\ofxOpenNI-experimental\src\ofxOpenNI.cpp(1501): warning C4930: 'Poco::ScopedLock<M> lock(void)': Funktion mit Prototyp wurde nicht aufgerufen (war eine Variablendefinition gemeint?)
                 with
                 [
                     M=Poco::FastMutex
                 ]
     1>..\..\..\addons\ofxOpenNI-experimental\src\ofxOpenNI.cpp(1528): warning C4930: 'Poco::ScopedLock<M> lock(void)': Funktion mit Prototyp wurde nicht aufgerufen (war eine Variablendefinition gemeint?)
                 with
                 [
                     M=Poco::FastMutex
                 ]
     1>..\..\..\addons\ofxOpenNI-experimental\src\ofxOpenNI.cpp(1601): warning C4930: 'Poco::ScopedLock<M> lock(void)': Funktion mit Prototyp wurde nicht aufgerufen (war eine Variablendefinition gemeint?)
                 with
                 [
                     M=Poco::FastMutex
                 ]
     1>..\..\..\addons\ofxOpenNI-experimental\src\ofxOpenNI.cpp(1705): warning C4930: 'Poco::ScopedLock<M> lock(void)': Funktion mit Prototyp wurde nicht aufgerufen (war eine Variablendefinition gemeint?)
                 with
                 [
                     M=Poco::FastMutex
                 ]
     1>..\..\..\addons\ofxOpenNI-experimental\src\ofxOpenNI.cpp(1718): warning C4930: 'Poco::ScopedLock<M> lock(void)': Funktion mit Prototyp wurde nicht aufgerufen (war eine Variablendefinition gemeint?)
                 with
                 [
                     M=Poco::FastMutex
                 ]
     1>..\..\..\addons\ofxOpenNI-experimental\src\ofxOpenNI.cpp(1724): warning C4930: 'Poco::ScopedLock<M> lock(void)': Funktion mit Prototyp wurde nicht aufgerufen (war eine Variablendefinition gemeint?)
                 with
                 [
                     M=Poco::FastMutex
                 ]
     1>..\..\..\addons\ofxOpenNI-experimental\src\ofxOpenNI.cpp(1744): warning C4930: 'Poco::ScopedLock<M> lock(void)': Funktion mit Prototyp wurde nicht aufgerufen (war eine Variablendefinition gemeint?)
                 with
                 [
                     M=Poco::FastMutex
                 ]
     1>..\..\..\addons\ofxOpenNI-experimental\src\ofxOpenNI.cpp(2095): warning C4930: 'Poco::ScopedLock<M> lock(void)': Funktion mit Prototyp wurde nicht aufgerufen (war eine Variablendefinition gemeint?)
                 with
                 [
                     M=Poco::FastMutex
                 ]
     1>..\..\..\addons\ofxOpenNI-experimental\src\ofxOpenNI.cpp(2101): warning C4930: 'Poco::ScopedLock<M> lock(void)': Funktion mit Prototyp wurde nicht aufgerufen (war eine Variablendefinition gemeint?)
                 with
                 [
                     M=Poco::FastMutex
                 ]
     1>..\..\..\addons\ofxOpenNI-experimental\src\ofxOpenNI.cpp(2162): warning C4930: 'Poco::ScopedLock<M> lock(void)': Funktion mit Prototyp wurde nicht aufgerufen (war eine Variablendefinition gemeint?)
                 with
                 [
                     M=Poco::FastMutex
                 ]
     1>..\..\..\addons\ofxOpenNI-experimental\src\ofxOpenNI.cpp(2179): warning C4930: 'Poco::ScopedLock<M> lock(void)': Funktion mit Prototyp wurde nicht aufgerufen (war eine Variablendefinition gemeint?)
                 with
                 [
                     M=Poco::FastMutex
                 ]
     1>..\..\..\addons\ofxOpenNI-experimental\src\ofxOpenNI.cpp(2322): warning C4805: '!=': unsichere Kombination von Typ 'XnBool' mit Typ 'bool' in einer Operation
     1>..\..\..\addons\ofxOpenNI-experimental\src\ofxOpenNI.cpp(2330): warning C4805: '!=': unsichere Kombination von Typ 'XnBool' mit Typ 'bool' in einer Operation
     1>..\..\..\addons\ofxOpenNI-experimental\src\ofxOpenNI.cpp(2338): warning C4805: '!=': unsichere Kombination von Typ 'XnBool' mit Typ 'bool' in einer Operation
     1>..\..\..\addons\ofxOpenNI-experimental\src\ofxOpenNI.cpp(2377): warning C4930: 'Poco::ScopedLock<M> lock(void)': Funktion mit Prototyp wurde nicht aufgerufen (war eine Variablendefinition gemeint?)
                 with
                 [
                     M=Poco::FastMutex
                 ]
     1>..\..\..\addons\ofxOpenNI-experimental\src\ofxOpenNI.cpp(2405): warning C4930: 'Poco::ScopedLock<M> lock(void)': Funktion mit Prototyp wurde nicht aufgerufen (war eine Variablendefinition gemeint?)
                 with
                 [
                     M=Poco::FastMutex
                 ]
     1>..\..\..\addons\ofxOpenNI-experimental\src\ofxOpenNI.cpp(2416): warning C4930: 'Poco::ScopedLock<M> lock(void)': Funktion mit Prototyp wurde nicht aufgerufen (war eine Variablendefinition gemeint?)
                 with
                 [
                     M=Poco::FastMutex
                 ]
     1>..\..\..\addons\ofxOpenNI-experimental\src\ofxOpenNI.cpp(2424): warning C4930: 'Poco::ScopedLock<M> lock(void)': Funktion mit Prototyp wurde nicht aufgerufen (war eine Variablendefinition gemeint?)
                 with
                 [
                     M=Poco::FastMutex
                 ]
     1>..\..\..\addons\ofxOpenNI-experimental\src\ofxOpenNI.cpp(2544): warning C4930: 'Poco::ScopedLock<M> lock(void)': Funktion mit Prototyp wurde nicht aufgerufen (war eine Variablendefinition gemeint?)
                 with
                 [
                     M=Poco::FastMutex
                 ]
     1>..\..\..\addons\ofxOpenNI-experimental\src\ofxOpenNI.cpp(2727): warning C4930: 'Poco::ScopedLock<M> lock(void)': Funktion mit Prototyp wurde nicht aufgerufen (war eine Variablendefinition gemeint?)
                 with
                 [
                     M=Poco::FastMutex
                 ]
     1>..\..\..\addons\ofxOpenNI-experimental\src\ofxOpenNI.cpp(2743): warning C4930: 'Poco::ScopedLock<M> lock(void)': Funktion mit Prototyp wurde nicht aufgerufen (war eine Variablendefinition gemeint?)
                 with
                 [
                     M=Poco::FastMutex
                 ]
     1>..\..\..\addons\ofxOpenNI-experimental\src\ofxOpenNI.cpp(2768): warning C4930: 'Poco::ScopedLock<M> lock(void)': Funktion mit Prototyp wurde nicht aufgerufen (war eine Variablendefinition gemeint?)
                 with
                 [
                     M=Poco::FastMutex
                 ]
     1>..\..\..\addons\ofxOpenNI-experimental\src\ofxOpenNI.cpp(2794): warning C4930: 'Poco::ScopedLock<M> lock(void)': Funktion mit Prototyp wurde nicht aufgerufen (war eine Variablendefinition gemeint?)
                 with
                 [
                     M=Poco::FastMutex
                 ]
     1>..\..\..\addons\ofxOpenNI-experimental\src\ofxOpenNI.cpp(2821): warning C4930: 'Poco::ScopedLock<M> lock(void)': Funktion mit Prototyp wurde nicht aufgerufen (war eine Variablendefinition gemeint?)
                 with
                 [
                     M=Poco::FastMutex
                 ]
     1>..\..\..\addons\ofxOpenNI-experimental\src\ofxOpenNI.cpp(3044): warning C4930: 'Poco::ScopedLock<M> lock(void)': Funktion mit Prototyp wurde nicht aufgerufen (war eine Variablendefinition gemeint?)
                 with
                 [
                     M=Poco::FastMutex
                 ]
     1>..\..\..\addons\ofxOpenNI-experimental\src\ofxOpenNI.cpp(3100): warning C4930: 'Poco::ScopedLock<M> lock(void)': Funktion mit Prototyp wurde nicht aufgerufen (war eine Variablendefinition gemeint?)
                 with
                 [
                     M=Poco::FastMutex
                 ]
     1>..\..\..\addons\ofxOpenNI-experimental\src\ofxOpenNI.cpp(3122): warning C4930: 'Poco::ScopedLock<M> lock(void)': Funktion mit Prototyp wurde nicht aufgerufen (war eine Variablendefinition gemeint?)
                 with
                 [
                     M=Poco::FastMutex
                 ]
     1>..\..\..\addons\ofxOpenNI-experimental\src\ofxOpenNI.cpp(3144): warning C4930: 'Poco::ScopedLock<M> lock(void)': Funktion mit Prototyp wurde nicht aufgerufen (war eine Variablendefinition gemeint?)
                 with
                 [
                     M=Poco::FastMutex
                 ]
     1>..\..\..\addons\ofxOpenNI-experimental\src\ofxOpenNI.cpp(3163): warning C4930: 'Poco::ScopedLock<M> lock(void)': Funktion mit Prototyp wurde nicht aufgerufen (war eine Variablendefinition gemeint?)
                 with
                 [
                     M=Poco::FastMutex
                 ]
     1>..\..\..\addons\ofxOpenNI-experimental\src\ofxOpenNI.cpp(3192): warning C4930: 'Poco::ScopedLock<M> lock(void)': Funktion mit Prototyp wurde nicht aufgerufen (war eine Variablendefinition gemeint?)
                 with
                 [
                     M=Poco::FastMutex
                 ]
     1>..\..\..\addons\ofxOpenNI-experimental\src\ofxOpenNI.cpp(3210): warning C4930: 'Poco::ScopedLock<M> lock(void)': Funktion mit Prototyp wurde nicht aufgerufen (war eine Variablendefinition gemeint?)
                 with
                 [
                     M=Poco::FastMutex
                 ]
         ofxOpenNITypes.cpp
     1>..\..\..\libs\openFrameworks\graphics\ofPixels.h(150): warning C4003: Nicht genügend übergebene Parameter für das Makro 'max'
     1>..\..\..\libs\openFrameworks\graphics\ofPixels.h(151): warning C4003: Nicht genügend übergebene Parameter für das Makro 'max'
         ofxOscBundle.cpp
         Code wird generiert...
         Kompilieren...
         ofxOscMessage.cpp
     1>..\..\..\addons\ofxOsc\src\ofxOscMessage.cpp(92): warning C4244: 'return': Konvertierung von 'float' in 'int32_t', möglicher Datenverlust
     1>..\..\..\addons\ofxOsc\src\ofxOscMessage.cpp(112): warning C4244: 'return': Konvertierung von 'int32_t' in 'float', möglicher Datenverlust
         ofxOscReceiver.cpp
         ofxOscSender.cpp
         tinyxml.cpp
         tinyxmlerror.cpp
         tinyxmlparser.cpp
         ofxXmlSettings.cpp
         ofxCvColorImage.cpp
         ofxCvContourFinder.cpp
         ofxCvFloatImage.cpp
         ofxCvGrayscaleImage.cpp
         ofxCvImage.cpp
         ofxCvShortImage.cpp
         filter.cpp
         main.cpp
     1>..\..\..\libs\openFrameworks\graphics\ofPixels.h(150): warning C4003: Nicht genügend übergebene Parameter für das Makro 'max'
     1>..\..\..\libs\openFrameworks\graphics\ofPixels.h(151): warning C4003: Nicht genügend übergebene Parameter für das Makro 'max'
         kinectApp.cpp
     1>..\..\..\libs\openFrameworks\graphics\ofPixels.h(150): warning C4003: Nicht genügend übergebene Parameter für das Makro 'max'
     1>..\..\..\libs\openFrameworks\graphics\ofPixels.h(151): warning C4003: Nicht genügend übergebene Parameter für das Makro 'max'
     1>src\kinectApp.cpp(858): warning C4060: switch-Anweisung enthält weder 'case'- noch 'default'-Marken
         Code wird generiert...
       Link:
         C:\Program Files (x86)\Microsoft Visual Studio 10.0\VC\bin\link.exe /ERRORREPORT:PROMPT /OUT:"bin\Kinect.exe" /INCREMENTAL:NO /NOLOGO /LIBPATH:..\..\..\libs\glut\lib\vs2010 /LIBPATH:..\..\..\libs\rtAudio\lib\vs2010 /LIBPATH:..\..\..\libs\FreeImage\lib\vs2010 /LIBPATH:..\..\..\libs\freetype\lib\vs2010 /LIBPATH:..\..\..\libs\quicktime\lib\vs2010 /LIBPATH:..\..\..\libs\fmodex\lib\vs2010 /LIBPATH:..\..\..\libs\videoInput\lib\vs2010 /LIBPATH:..\..\..\libs\cairo\lib\vs2010 /LIBPATH:..\..\..\libs\glew\lib\vs2010 /LIBPATH:..\..\..\libs\glu\lib\vs2010 /LIBPATH:..\..\..\libs\Poco\lib\vs2010 /LIBPATH:..\..\..\libs\tess2\lib\vs2010 /LIBPATH:..\..\..\libs\openFrameworksCompiled\lib\vs2010 /LIBPATH:bin\data\openni\lib openframeworksLib.lib "cairo-static.lib" "pixman-1.lib" msimg32.lib OpenGL32.lib GLu32.lib kernel32.lib setupapi.lib glut32.lib rtAudio.lib videoInput.lib libfreetype.lib FreeImage.lib qtmlClient.lib dsound.lib user32.lib gdi32.lib winspool.lib comdlg32.lib advapi32.lib shell32.lib ole32.lib oleaut32.lib uuid.lib glew32s.lib fmodex_vc.lib glu32.lib Vfw32.lib comctl32.lib PocoFoundationmd.lib PocoNetmd.lib PocoUtilmd.lib PocoXMLmd.lib Ws2_32.lib tess2.lib ..\..\..\addons\ofxOsc\libs\oscpack\lib\vs2010\oscpack.lib ..\..\..\addons\ofxAssimpModelLoader\libs\assimp\lib\vs2010\assimp.lib ..\..\..\addons\ofxOpenCv\libs\opencv\lib\vs2010\opencv_calib3d220.lib ..\..\..\addons\ofxOpenCv\libs\opencv\lib\vs2010\opencv_contrib220.lib ..\..\..\addons\ofxOpenCv\libs\opencv\lib\vs2010\opencv_core220.lib ..\..\..\addons\ofxOpenCv\libs\opencv\lib\vs2010\opencv_features2d220.lib ..\..\..\addons\ofxOpenCv\libs\opencv\lib\vs2010\opencv_flann220.lib ..\..\..\addons\ofxOpenCv\libs\opencv\lib\vs2010\opencv_gpu220.lib ..\..\..\addons\ofxOpenCv\libs\opencv\lib\vs2010\opencv_highgui220.lib ..\..\..\addons\ofxOpenCv\libs\opencv\lib\vs2010\opencv_imgproc220.lib ..\..\..\addons\ofxOpenCv\libs\opencv\lib\vs2010\opencv_legacy220.lib ..\..\..\addons\ofxOpenCv\libs\opencv\lib\vs2010\opencv_ml220.lib ..\..\..\addons\ofxOpenCv\libs\opencv\lib\vs2010\opencv_objdetect220.lib ..\..\..\addons\ofxOpenCv\libs\opencv\lib\vs2010\opencv_ts220.lib ..\..\..\addons\ofxOpenCv\libs\opencv\lib\vs2010\opencv_video220.lib ..\..\..\addons\ofxOpenCv\libs\opencv\lib\vs2010\opencv_lapack.lib ..\..\..\addons\ofxOpenCv\libs\opencv\lib\vs2010\zlib.lib kernel32.lib user32.lib gdi32.lib winspool.lib comdlg32.lib advapi32.lib shell32.lib ole32.lib oleaut32.lib uuid.lib odbc32.lib odbccp32.lib /NODEFAULTLIB:atlthunk.lib /NODEFAULTLIB:LIBC.lib /NODEFAULTLIB:LIBCMT /MANIFEST /ManifestFile:"obj\Release\Kinect.exe.intermediate.manifest" /MANIFESTUAC:"level='asInvoker' uiAccess='false'" /PDB:"C:\Users\mihoo\Downloads\Coding\Kinect-Zutaten\OpenFrameworks\OpenFrameworks_007\apps\addonsExamples\KinectApp\bin\Kinect.pdb" /SUBSYSTEM:CONSOLE /OPT:REF /OPT:ICF /TLBID:1 /DYNAMICBASE:NO /IMPLIB:"bin\Kinect.lib" /MACHINE:X86 obj\Release\ofxGui.obj
         obj\Release\ofxGuiButton.obj
         obj\Release\ofxGuiColor.obj
         obj\Release\ofxGuiFiles.obj
         obj\Release\ofxGuiGlobals.obj
         obj\Release\ofxGuiKnob.obj
         obj\Release\ofxGuiMatrix.obj
         obj\Release\ofxGuiMovable.obj
         obj\Release\ofxGuiObject.obj
         obj\Release\ofxGuiPanel.obj
         obj\Release\ofxGuiPoints.obj
         obj\Release\ofxGuiRadar.obj
         obj\Release\ofxGuiScope.obj
         obj\Release\ofxGuiSlider.obj
         obj\Release\ofxGuiSwitch.obj
         obj\Release\ofxGuiXYPad.obj
         obj\Release\ofxCvHaarFinder.obj
         obj\Release\ofxOpenNI.obj
         obj\Release\ofxOpenNITypes.obj
         obj\Release\ofxOscBundle.obj
         obj\Release\ofxOscMessage.obj
         obj\Release\ofxOscReceiver.obj
         obj\Release\ofxOscSender.obj
         obj\Release\tinyxml.obj
         obj\Release\tinyxmlerror.obj
         obj\Release\tinyxmlparser.obj
         obj\Release\ofxXmlSettings.obj
         obj\Release\ofxCvColorImage.obj
         obj\Release\ofxCvContourFinder.obj
         obj\Release\ofxCvFloatImage.obj
         obj\Release\ofxCvGrayscaleImage.obj
         obj\Release\ofxCvImage.obj
         obj\Release\ofxCvShortImage.obj
         obj\Release\filter.obj
         obj\Release\main.obj
         obj\Release\kinectApp.obj
         ..\..\..\addons\ofxOpenNI\win\copy_to_data_openni_path\lib\openNI.lib
         "C:\Users\mihoo\Downloads\Coding\Kinect-Zutaten\OpenFrameworks\OpenFrameworks_007\libs\openFrameworksCompiled\project\vs2010\obj\Release\of3dUtils.obj"
         "C:\Users\mihoo\Downloads\Coding\Kinect-Zutaten\OpenFrameworks\OpenFrameworks_007\libs\openFrameworksCompiled\project\vs2010\obj\Release\ofCamera.obj"
         "C:\Users\mihoo\Downloads\Coding\Kinect-Zutaten\OpenFrameworks\OpenFrameworks_007\libs\openFrameworksCompiled\project\vs2010\obj\Release\ofEasyCam.obj"
         "C:\Users\mihoo\Downloads\Coding\Kinect-Zutaten\OpenFrameworks\OpenFrameworks_007\libs\openFrameworksCompiled\project\vs2010\obj\Release\ofMesh.obj"
         "C:\Users\mihoo\Downloads\Coding\Kinect-Zutaten\OpenFrameworks\OpenFrameworks_007\libs\openFrameworksCompiled\project\vs2010\obj\Release\ofNode.obj"
         "C:\Users\mihoo\Downloads\Coding\Kinect-Zutaten\OpenFrameworks\OpenFrameworks_007\libs\openFrameworksCompiled\project\vs2010\obj\Release\ofAppGlutWindow.obj"
         "C:\Users\mihoo\Downloads\Coding\Kinect-Zutaten\OpenFrameworks\OpenFrameworks_007\libs\openFrameworksCompiled\project\vs2010\obj\Release\ofAppRunner.obj"
         "C:\Users\mihoo\Downloads\Coding\Kinect-Zutaten\OpenFrameworks\OpenFrameworks_007\libs\openFrameworksCompiled\project\vs2010\obj\Release\ofEvents.obj"
         "C:\Users\mihoo\Downloads\Coding\Kinect-Zutaten\OpenFrameworks\OpenFrameworks_007\libs\openFrameworksCompiled\project\vs2010\obj\Release\ofFbo.obj"
         "C:\Users\mihoo\Downloads\Coding\Kinect-Zutaten\OpenFrameworks\OpenFrameworks_007\libs\openFrameworksCompiled\project\vs2010\obj\Release\ofGLRenderer.obj"
         "C:\Users\mihoo\Downloads\Coding\Kinect-Zutaten\OpenFrameworks\OpenFrameworks_007\libs\openFrameworksCompiled\project\vs2010\obj\Release\ofLight.obj"
         "C:\Users\mihoo\Downloads\Coding\Kinect-Zutaten\OpenFrameworks\OpenFrameworks_007\libs\openFrameworksCompiled\project\vs2010\obj\Release\ofMaterial.obj"
         "C:\Users\mihoo\Downloads\Coding\Kinect-Zutaten\OpenFrameworks\OpenFrameworks_007\libs\openFrameworksCompiled\project\vs2010\obj\Release\ofShader.obj"
         "C:\Users\mihoo\Downloads\Coding\Kinect-Zutaten\OpenFrameworks\OpenFrameworks_007\libs\openFrameworksCompiled\project\vs2010\obj\Release\ofTexture.obj"
         "C:\Users\mihoo\Downloads\Coding\Kinect-Zutaten\OpenFrameworks\OpenFrameworks_007\libs\openFrameworksCompiled\project\vs2010\obj\Release\ofVbo.obj"
         "C:\Users\mihoo\Downloads\Coding\Kinect-Zutaten\OpenFrameworks\OpenFrameworks_007\libs\openFrameworksCompiled\project\vs2010\obj\Release\ofVboMesh.obj"
         "C:\Users\mihoo\Downloads\Coding\Kinect-Zutaten\OpenFrameworks\OpenFrameworks_007\libs\openFrameworksCompiled\project\vs2010\obj\Release\ofBitmapFont.obj"
         "C:\Users\mihoo\Downloads\Coding\Kinect-Zutaten\OpenFrameworks\OpenFrameworks_007\libs\openFrameworksCompiled\project\vs2010\obj\Release\ofCairoRenderer.obj"
         "C:\Users\mihoo\Downloads\Coding\Kinect-Zutaten\OpenFrameworks\OpenFrameworks_007\libs\openFrameworksCompiled\project\vs2010\obj\Release\ofGraphics.obj"
         "C:\Users\mihoo\Downloads\Coding\Kinect-Zutaten\OpenFrameworks\OpenFrameworks_007\libs\openFrameworksCompiled\project\vs2010\obj\Release\ofImage.obj"
         "C:\Users\mihoo\Downloads\Coding\Kinect-Zutaten\OpenFrameworks\OpenFrameworks_007\libs\openFrameworksCompiled\project\vs2010\obj\Release\ofPath.obj"
         "C:\Users\mihoo\Downloads\Coding\Kinect-Zutaten\OpenFrameworks\OpenFrameworks_007\libs\openFrameworksCompiled\project\vs2010\obj\Release\ofPixels.obj"
         "C:\Users\mihoo\Downloads\Coding\Kinect-Zutaten\OpenFrameworks\OpenFrameworks_007\libs\openFrameworksCompiled\project\vs2010\obj\Release\ofPolyline.obj"
         "C:\Users\mihoo\Downloads\Coding\Kinect-Zutaten\OpenFrameworks\OpenFrameworks_007\libs\openFrameworksCompiled\project\vs2010\obj\Release\ofTessellator.obj"
         "C:\Users\mihoo\Downloads\Coding\Kinect-Zutaten\OpenFrameworks\OpenFrameworks_007\libs\openFrameworksCompiled\project\vs2010\obj\Release\ofTrueTypeFont.obj"
         "C:\Users\mihoo\Downloads\Coding\Kinect-Zutaten\OpenFrameworks\OpenFrameworks_007\libs\openFrameworksCompiled\project\vs2010\obj\Release\ofMath.obj"
         "C:\Users\mihoo\Downloads\Coding\Kinect-Zutaten\OpenFrameworks\OpenFrameworks_007\libs\openFrameworksCompiled\project\vs2010\obj\Release\ofMatrix3x3.obj"
         "C:\Users\mihoo\Downloads\Coding\Kinect-Zutaten\OpenFrameworks\OpenFrameworks_007\libs\openFrameworksCompiled\project\vs2010\obj\Release\ofMatrix4x4.obj"
         "C:\Users\mihoo\Downloads\Coding\Kinect-Zutaten\OpenFrameworks\OpenFrameworks_007\libs\openFrameworksCompiled\project\vs2010\obj\Release\ofQuaternion.obj"
         "C:\Users\mihoo\Downloads\Coding\Kinect-Zutaten\OpenFrameworks\OpenFrameworks_007\libs\openFrameworksCompiled\project\vs2010\obj\Release\ofVec2f.obj"
         "C:\Users\mihoo\Downloads\Coding\Kinect-Zutaten\OpenFrameworks\OpenFrameworks_007\libs\openFrameworksCompiled\project\vs2010\obj\Release\ofVec4f.obj"
         "C:\Users\mihoo\Downloads\Coding\Kinect-Zutaten\OpenFrameworks\OpenFrameworks_007\libs\openFrameworksCompiled\project\vs2010\obj\Release\ofBaseSoundPlayer.obj"
         "C:\Users\mihoo\Downloads\Coding\Kinect-Zutaten\OpenFrameworks\OpenFrameworks_007\libs\openFrameworksCompiled\project\vs2010\obj\Release\ofBaseSoundStream.obj"
         "C:\Users\mihoo\Downloads\Coding\Kinect-Zutaten\OpenFrameworks\OpenFrameworks_007\libs\openFrameworksCompiled\project\vs2010\obj\Release\ofFmodSoundPlayer.obj"
         "C:\Users\mihoo\Downloads\Coding\Kinect-Zutaten\OpenFrameworks\OpenFrameworks_007\libs\openFrameworksCompiled\project\vs2010\obj\Release\ofRtAudioSoundStream.obj"
         "C:\Users\mihoo\Downloads\Coding\Kinect-Zutaten\OpenFrameworks\OpenFrameworks_007\libs\openFrameworksCompiled\project\vs2010\obj\Release\ofSoundPlayer.obj"
         "C:\Users\mihoo\Downloads\Coding\Kinect-Zutaten\OpenFrameworks\OpenFrameworks_007\libs\openFrameworksCompiled\project\vs2010\obj\Release\ofSoundStream.obj"
         "C:\Users\mihoo\Downloads\Coding\Kinect-Zutaten\OpenFrameworks\OpenFrameworks_007\libs\openFrameworksCompiled\project\vs2010\obj\Release\ofBaseTypes.obj"
         "C:\Users\mihoo\Downloads\Coding\Kinect-Zutaten\OpenFrameworks\OpenFrameworks_007\libs\openFrameworksCompiled\project\vs2010\obj\Release\ofColor.obj"
         "C:\Users\mihoo\Downloads\Coding\Kinect-Zutaten\OpenFrameworks\OpenFrameworks_007\libs\openFrameworksCompiled\project\vs2010\obj\Release\ofPoint.obj"
         "C:\Users\mihoo\Downloads\Coding\Kinect-Zutaten\OpenFrameworks\OpenFrameworks_007\libs\openFrameworksCompiled\project\vs2010\obj\Release\ofRectangle.obj"
         "C:\Users\mihoo\Downloads\Coding\Kinect-Zutaten\OpenFrameworks\OpenFrameworks_007\libs\openFrameworksCompiled\project\vs2010\obj\Release\ofFileUtils.obj"
         "C:\Users\mihoo\Downloads\Coding\Kinect-Zutaten\OpenFrameworks\OpenFrameworks_007\libs\openFrameworksCompiled\project\vs2010\obj\Release\ofLog.obj"
         "C:\Users\mihoo\Downloads\Coding\Kinect-Zutaten\OpenFrameworks\OpenFrameworks_007\libs\openFrameworksCompiled\project\vs2010\obj\Release\ofSystemUtils.obj"
         "C:\Users\mihoo\Downloads\Coding\Kinect-Zutaten\OpenFrameworks\OpenFrameworks_007\libs\openFrameworksCompiled\project\vs2010\obj\Release\ofThread.obj"
         "C:\Users\mihoo\Downloads\Coding\Kinect-Zutaten\OpenFrameworks\OpenFrameworks_007\libs\openFrameworksCompiled\project\vs2010\obj\Release\ofURLFileLoader.obj"
         "C:\Users\mihoo\Downloads\Coding\Kinect-Zutaten\OpenFrameworks\OpenFrameworks_007\libs\openFrameworksCompiled\project\vs2010\obj\Release\ofUtils.obj"
         "C:\Users\mihoo\Downloads\Coding\Kinect-Zutaten\OpenFrameworks\OpenFrameworks_007\libs\openFrameworksCompiled\project\vs2010\obj\Release\ofDirectShowGrabber.obj"
         "C:\Users\mihoo\Downloads\Coding\Kinect-Zutaten\OpenFrameworks\OpenFrameworks_007\libs\openFrameworksCompiled\project\vs2010\obj\Release\ofQtUtils.obj"
         "C:\Users\mihoo\Downloads\Coding\Kinect-Zutaten\OpenFrameworks\OpenFrameworks_007\libs\openFrameworksCompiled\project\vs2010\obj\Release\ofQuickTimeGrabber.obj"
         "C:\Users\mihoo\Downloads\Coding\Kinect-Zutaten\OpenFrameworks\OpenFrameworks_007\libs\openFrameworksCompiled\project\vs2010\obj\Release\ofQuickTimePlayer.obj"
         "C:\Users\mihoo\Downloads\Coding\Kinect-Zutaten\OpenFrameworks\OpenFrameworks_007\libs\openFrameworksCompiled\project\vs2010\obj\Release\ofVideoGrabber.obj"
         "C:\Users\mihoo\Downloads\Coding\Kinect-Zutaten\OpenFrameworks\OpenFrameworks_007\libs\openFrameworksCompiled\project\vs2010\obj\Release\ofVideoPlayer.obj"
         "C:\Users\mihoo\Downloads\Coding\Kinect-Zutaten\OpenFrameworks\OpenFrameworks_007\libs\openFrameworksCompiled\project\vs2010\obj\Release\ofArduino.obj"
         "C:\Users\mihoo\Downloads\Coding\Kinect-Zutaten\OpenFrameworks\OpenFrameworks_007\libs\openFrameworksCompiled\project\vs2010\obj\Release\ofSerial.obj"
            Bibliothek "bin\Kinect.lib" und Objekt "bin\Kinect.exp" werden erstellt.
         opencvExample.vcxproj -> C:\Users\mihoo\Downloads\Coding\Kinect-Zutaten\OpenFrameworks\OpenFrameworks_007\apps\addonsExamples\KinectApp\bin\Kinect.exe
       Manifest:
         C:\Program Files (x86)\Microsoft SDKs\Windows\v7.0A\bin\mt.exe /nologo /verbose /outputresource:"bin\Kinect.exe;#1" /manifest obj\Release\Kinect.exe.intermediate.manifest
       PostBuildEvent:
         Description: adding DLLs and creating data folder
         xcopy /e /i /y "C:\Users\mihoo\Downloads\Coding\Kinect-Zutaten\OpenFrameworks\OpenFrameworks_007\apps\addonsExamples\KinectApp\\..\..\..\export\vs2010\*.dll" "C:\Users\mihoo\Downloads\Coding\Kinect-Zutaten\OpenFrameworks\OpenFrameworks_007\apps\addonsExamples\KinectApp\\bin"
         if not exist "C:\Users\mihoo\Downloads\Coding\Kinect-Zutaten\OpenFrameworks\OpenFrameworks_007\apps\addonsExamples\KinectApp\\bin\data" mkdir  "C:\Users\mihoo\Downloads\Coding\Kinect-Zutaten\OpenFrameworks\OpenFrameworks_007\apps\addonsExamples\KinectApp\\bin\data"
         
         :VCEnd
         C:\Users\mihoo\Downloads\Coding\Kinect-Zutaten\OpenFrameworks\OpenFrameworks_007\apps\addonsExamples\KinectApp\\..\..\..\export\vs2010\Assimp32.dll
         C:\Users\mihoo\Downloads\Coding\Kinect-Zutaten\OpenFrameworks\OpenFrameworks_007\apps\addonsExamples\KinectApp\\..\..\..\export\vs2010\fmodex.dll
         C:\Users\mihoo\Downloads\Coding\Kinect-Zutaten\OpenFrameworks\OpenFrameworks_007\apps\addonsExamples\KinectApp\\..\..\..\export\vs2010\fmodexL.dll
         C:\Users\mihoo\Downloads\Coding\Kinect-Zutaten\OpenFrameworks\OpenFrameworks_007\apps\addonsExamples\KinectApp\\..\..\..\export\vs2010\FreeImage.dll
         C:\Users\mihoo\Downloads\Coding\Kinect-Zutaten\OpenFrameworks\OpenFrameworks_007\apps\addonsExamples\KinectApp\\..\..\..\export\vs2010\FreeType-6.dll
         C:\Users\mihoo\Downloads\Coding\Kinect-Zutaten\OpenFrameworks\OpenFrameworks_007\apps\addonsExamples\KinectApp\\..\..\..\export\vs2010\glut32.dll
         C:\Users\mihoo\Downloads\Coding\Kinect-Zutaten\OpenFrameworks\OpenFrameworks_007\apps\addonsExamples\KinectApp\\..\..\..\export\vs2010\Zlib.dll
         7 Datei(en) kopiert
       FinalizeBuildStatus:
         Die Datei "obj\Release\Kinect.unsuccessfulbuild" wird gelöscht.
         Aktualisieren des Timestamps von "obj\Release\Kinect.lastbuildstate".
     1>Die Erstellung des Projekts "C:\Users\mihoo\Downloads\Coding\Kinect-Zutaten\OpenFrameworks\OpenFrameworks_007\apps\addonsExamples\KinectApp\opencvExample.vcxproj" ist abgeschlossen, rebuild Ziel(e).

Das Erstellen war erfolgreich.

Verstrichene Zeit 00:01:55.27
